Log file open, 02/21/18 23:53:51
LogWindows: Failed to load 'aqProf.dll' (GetLastError=126)
LogWindows: File 'aqProf.dll' does not exist
LogWindows: Failed to load 'VtuneApi.dll' (GetLastError=126)
LogWindows: File 'VtuneApi.dll' does not exist
LogWindows: Failed to load 'VtuneApi32e.dll' (GetLastError=126)
LogWindows: File 'VtuneApi32e.dll' does not exist
LogInit: Display: Running engine for game: StealthGame
LogPlatformFile: Not using cached read wrapper
LogInit: Display: RandInit(-976800496) SRandInit(-976800496).
LogTaskGraph: Started task graph with 5 named threads and 14 total threads with 3 sets of task threads.
LogStats: Stats thread started at 0.161256
LogD3D11RHI: Aftermath initialized
LogPluginManager: Mounting plugin Paper2D
LogPluginManager: Mounting plugin LightPropagationVolume
LogPluginManager: Mounting plugin CodeLiteSourceCodeAccess
LogPluginManager: Mounting plugin GitSourceControl
LogPluginManager: Mounting plugin KDevelopSourceCodeAccess
LogPluginManager: Mounting plugin NullSourceCodeAccess
LogPluginManager: Mounting plugin PerforceSourceControl
LogPluginManager: Mounting plugin SubversionSourceControl
LogPluginManager: Mounting plugin UObjectPlugin
LogPluginManager: Mounting plugin VisualStudioSourceCodeAccess
LogPluginManager: Mounting plugin XCodeSourceCodeAccess
LogPluginManager: Mounting plugin AssetManagerEditor
LogPluginManager: Mounting plugin AudioCapture
LogPluginManager: Mounting plugin FacialAnimation
LogPluginManager: Mounting plugin GameplayTagsEditor
LogPluginManager: Mounting plugin MobileLauncherProfileWizard
LogPluginManager: Mounting plugin PluginBrowser
LogPluginManager: Mounting plugin SpeedTreeImporter
LogPluginManager: Mounting plugin AlembicImporter
LogPluginManager: Mounting plugin CharacterAI
LogPluginManager: Mounting plugin HTML5Networking
LogPluginManager: Mounting plugin AndroidMedia
LogPluginManager: Mounting plugin AvfMedia
LogPluginManager: Mounting plugin MediaPlayerEditor
LogPluginManager: Mounting plugin WmfMedia
LogPluginManager: Mounting plugin TcpMessaging
LogPluginManager: Mounting plugin UdpMessaging
LogPluginManager: Mounting plugin LevelSequenceEditor
LogPluginManager: Mounting plugin MatineeToLevelSequence
LogPluginManager: Mounting plugin OnlineSubsystemGooglePlay
LogPluginManager: Mounting plugin OnlineSubsystemIOS
LogPluginManager: Mounting plugin OnlineSubsystem
LogPluginManager: Mounting plugin OnlineSubsystemNull
LogPluginManager: Mounting plugin OnlineSubsystemUtils
LogPluginManager: Mounting plugin AndroidDeviceProfileSelector
LogPluginManager: Mounting plugin AndroidMoviePlayer
LogPluginManager: Mounting plugin AndroidPermission
LogPluginManager: Mounting plugin AppleMoviePlayer
LogPluginManager: Mounting plugin ArchVisCharacter
LogPluginManager: Mounting plugin CableComponent
LogPluginManager: Mounting plugin CustomMeshComponent
LogPluginManager: Mounting plugin ExampleDeviceProfileSelector
LogPluginManager: Mounting plugin GoogleCloudMessaging
LogPluginManager: Mounting plugin ImmediatePhysics
LogPluginManager: Mounting plugin IOSDeviceProfileSelector
LogPluginManager: Mounting plugin LinuxDeviceProfileSelector
LogPluginManager: Mounting plugin LocationServicesBPLibrary
LogPluginManager: Mounting plugin MobilePatchingUtils
LogPluginManager: Mounting plugin OculusVR
LogPluginManager: Mounting plugin PhysXVehicles
LogPluginManager: Mounting plugin ProceduralMeshComponent
LogPluginManager: Mounting plugin RuntimePhysXCooking
LogPluginManager: Mounting plugin SteamVR
LogPluginManager: Mounting plugin WindowsMoviePlayer
LogInit: Using libcurl 7.47.1
LogInit:  - built for x86_64-pc-win32
LogInit:  - supports SSL with OpenSSL/1.0.2g
LogInit:  - supports HTTP deflate (compression) using libz 1.2.8
LogInit:  - other features:
LogInit:      CURL_VERSION_SSL
LogInit:      CURL_VERSION_LIBZ
LogInit:      CURL_VERSION_IPV6
LogInit:      CURL_VERSION_ASYNCHDNS
LogInit:      CURL_VERSION_LARGEFILE
LogInit:      CURL_VERSION_IDN
LogInit:  CurlRequestOptions (configurable via config and command line):
LogInit:  - bVerifyPeer = false  - Libcurl will NOT verify peer certificate
LogInit:  - bUseHttpProxy = false  - Libcurl will NOT use HTTP proxy
LogInit:  - bDontReuseConnections = false  - Libcurl will reuse connections
LogInit:  - CertBundlePath = nullptr  - Libcurl will use whatever was configured at build time.
LogInit: Build: ++UE4+Release-4.17-CL-3658906
LogInit: Engine Version: 4.17.2-3658906+++UE4+Release-4.17
LogInit: Compatible Engine Version: 4.17.0-3573198+++UE4+Release-4.17
LogInit: Net CL: 3573198
LogDevObjectVersion: Number of dev versions registered: 16
LogDevObjectVersion:   Dev-Blueprints (B0D832E4-1F89-4F0D-ACCF-7EB736FD4AA2): 10
LogDevObjectVersion:   Dev-Build (E1C64328-A22C-4D53-A36C-8E866417BD8C): 0
LogDevObjectVersion:   Dev-Core (375EC13C-06E4-48FB-B500-84F0262A717E): 2
LogDevObjectVersion:   Dev-Editor (E4B068ED-F494-42E9-A231-DA0B2E46BB41): 20
LogDevObjectVersion:   Dev-Framework (CFFC743F-43B0-4480-9391-14DF171D2073): 28
LogDevObjectVersion:   Dev-Mobile (B02B49B5-BB20-44E9-A304-32B752E40360): 0
LogDevObjectVersion:   Dev-Networking (A4E4105C-59A1-49B5-A7C5-40C4547EDFEE): 0
LogDevObjectVersion:   Dev-Online (39C831C9-5AE6-47DC-9A44-9C173E1C8E7C): 0
LogDevObjectVersion:   Dev-Physics (78F01B33-EBEA-4F98-B9B4-84EACCB95AA2): 0
LogDevObjectVersion:   Dev-Platform (6631380F-2D4D-43E0-8009-CF276956A95A): 0
LogDevObjectVersion:   Dev-Rendering (12F88B9F-8875-4AFC-A67C-D90C383ABD29): 19
LogDevObjectVersion:   Dev-Sequencer (7B5AE74C-D270-4C10-A958-57980B212A5A): 4
LogDevObjectVersion:   Dev-VR (D7296918-1DD6-4BDD-9DE2-64A83CC13884): 0
LogDevObjectVersion:   Dev-LoadTimes (C2A15278-BFE7-4AFE-6C17-90FF531DF755): 1
LogDevObjectVersion:   Private-Geometry (6EACA3D4-40EC-4CC1-B786-8BED09428FC5): 1
LogDevObjectVersion:   Dev-AnimPhys (29E575DD-E0A3-4627-9D10-D276232CDCEA): 7
LogInit: Compiled (64-bit): Sep 22 2017 13:47:16
LogInit: Compiled with Visual C++: 19.00.24215.01
LogInit: Build Configuration: Development
LogInit: Branch Name: ++UE4+Release-4.17
LogInit: Command line: -EpicPortal 
LogInit: Base directory: E:/UE_4.17/Engine/Binaries/Win64/
LogInit: Installed Engine Build: 1
LogInit: Presizing for max 8388607 objects, including 0 objects not considered by GC, pre-allocating 0 bytes for permanent pool.
LogInit: Object subsystem initialized
[2018.02.22-07.53.52:772][  0]LogInit: Selected Device Profile: [Windows]
[2018.02.22-07.53.52:772][  0]LogInit: Applying CVar settings loaded from the selected device profile: [Windows]
[2018.02.22-07.53.52:778][  0]LogInit: Computer: DESKTOP-534M98F
[2018.02.22-07.53.52:778][  0]LogInit: User: BraidedMantis7
[2018.02.22-07.53.52:778][  0]LogInit: CPU Page size=4096, Cores=4
[2018.02.22-07.53.52:778][  0]LogInit: High frequency timer resolution =3.421874 MHz
[2018.02.22-07.53.52:779][  0]LogMemory: Memory total: Physical=16.0GB (16GB approx)
[2018.02.22-07.53.52:779][  0]LogMemory: Platform Memory Stats for Windows
[2018.02.22-07.53.52:779][  0]LogMemory: Process Physical Memory: 284.31 MB used, 284.31 MB peak
[2018.02.22-07.53.52:779][  0]LogMemory: Process Virtual Memory: 278.00 MB used, 278.00 MB peak
[2018.02.22-07.53.52:779][  0]LogMemory: Physical Memory: 6627.64 MB used,  9715.99 MB free, 16343.64 MB total
[2018.02.22-07.53.52:779][  0]LogMemory: Virtual Memory: 720.36 MB used,  9715.99 MB free, 134217728.00 MB total
[2018.02.22-07.53.53:092][  0]LogInit: Using OS detected language (en-US).
[2018.02.22-07.53.53:092][  0]LogInit: Using OS detected locale (en-US).
[2018.02.22-07.53.53:095][  0]LogTextLocalizationManager: No specific localization for 'en-US' exists, so the 'en' localization will be used.
[2018.02.22-07.53.53:685][  0]LogD3D11RHI: D3D11 adapters:
[2018.02.22-07.53.53:715][  0]LogD3D11RHI:    0. 'NVIDIA GeForce GTX 1060 6GB' (Feature Level 11_0)
[2018.02.22-07.53.53:715][  0]LogD3D11RHI:       6061/0/8171 MB DedicatedVideo/DedicatedSystem/SharedSystem, Outputs:1, VendorId:0x10de
[2018.02.22-07.53.53:717][  0]LogD3D11RHI:    1. 'Microsoft Basic Render Driver' (Feature Level 11_0)
[2018.02.22-07.53.53:717][  0]LogD3D11RHI:       0/0/8171 MB DedicatedVideo/DedicatedSystem/SharedSystem, Outputs:0, VendorId:0x1414
[2018.02.22-07.53.53:717][  0]LogD3D11RHI: Chosen D3D11 Adapter: 0
[2018.02.22-07.53.53:724][  0]LogD3D11RHI: Creating new Direct3DDevice
[2018.02.22-07.53.53:724][  0]LogD3D11RHI:     GPU DeviceId: 0x1c03 (for the marketing name, search the web for "GPU Device Id")
[2018.02.22-07.53.53:724][  0]LogWindows: EnumDisplayDevices:
[2018.02.22-07.53.53:724][  0]LogWindows:    0. 'NVIDIA GeForce GTX 1060 6GB' (P:1 D:1)
[2018.02.22-07.53.53:724][  0]LogWindows:    1. 'NVIDIA GeForce GTX 1060 6GB' (P:0 D:0)
[2018.02.22-07.53.53:724][  0]LogWindows:    2. 'NVIDIA GeForce GTX 1060 6GB' (P:0 D:0)
[2018.02.22-07.53.53:724][  0]LogWindows:    3. 'NVIDIA GeForce GTX 1060 6GB' (P:0 D:0)
[2018.02.22-07.53.53:724][  0]LogWindows: DebugString: GetVideoDriverDetailsInvalid PrimaryIsNotTheChoosenAdapter GetVideoDriverDetailsInvalid PrimaryIsNotTheChoosenAdapter GetVideoDriverDetailsInvalid PrimaryIsNotTheChoosenAdapter GetVideoDriverDetailsInvalid PrimaryIsNotTheChoosenAdapter FoundDriverCount:0 
[2018.02.22-07.53.53:724][  0]LogD3D11RHI:     Adapter Name: NVIDIA GeForce GTX 1060 6GB
[2018.02.22-07.53.53:724][  0]LogD3D11RHI:   Driver Version: Unknown (internal:Unknown, unified:Unknown)
[2018.02.22-07.53.53:724][  0]LogD3D11RHI:      Driver Date: Unknown
[2018.02.22-07.53.53:724][  0]LogRHI: Texture pool is 1361 MB (70% of 1945 MB)
[2018.02.22-07.53.53:743][  0]LogD3D11RHI: Async texture creation enabled
[2018.02.22-07.53.53:753][  0]LogD3D11RHI: GPU Timing Frequency: 1000.000000 (Debug: 2 1)
[2018.02.22-07.53.53:755][  0]LogShaderCompilers: Guid format shader working directory is 7 characters bigger than the processId version (../../../../Unreal_Game/Stealth_Game/StealthGame/Intermediate/Shaders/WorkingDirectory/9520/).
[2018.02.22-07.53.53:755][  0]LogShaderCompilers: Cleaned the shader compiler working directory 'C:/Users/BraidedMantis7/AppData/Local/Temp/UnrealShaderWorkingDir/A85F4D4341CF27E4741C54A12E4B5FF8/'.
[2018.02.22-07.53.53:755][  0]LogShaderCompilers: Display: Using Local Shader Compiler.
[2018.02.22-07.53.54:556][  0]LogTemp: Display: Loaded TP AllDesktopTargetPlatform
[2018.02.22-07.53.54:593][  0]LogTemp: Display: Loaded TP MacClientTargetPlatform
[2018.02.22-07.53.54:628][  0]LogTemp: Display: Loaded TP MacNoEditorTargetPlatform
[2018.02.22-07.53.54:665][  0]LogTemp: Display: Loaded TP MacServerTargetPlatform
[2018.02.22-07.53.54:704][  0]LogTemp: Display: Loaded TP MacTargetPlatform
[2018.02.22-07.53.54:741][  0]LogTemp: Display: Loaded TP WindowsClientTargetPlatform
[2018.02.22-07.53.54:778][  0]LogTemp: Display: Loaded TP WindowsNoEditorTargetPlatform
[2018.02.22-07.53.54:818][  0]LogTemp: Display: Loaded TP WindowsServerTargetPlatform
[2018.02.22-07.53.54:854][  0]LogTemp: Display: Loaded TP WindowsTargetPlatform
[2018.02.22-07.53.54:894][  0]LogTemp: Display: Loaded TP AndroidTargetPlatform
[2018.02.22-07.53.54:931][  0]LogTemp: Display: Loaded TP Android_ASTCTargetPlatform
[2018.02.22-07.53.54:968][  0]LogTemp: Display: Loaded TP Android_ATCTargetPlatform
[2018.02.22-07.53.55:007][  0]LogTemp: Display: Loaded TP Android_DXTTargetPlatform
[2018.02.22-07.53.55:042][  0]LogTemp: Display: Loaded TP Android_ETC1TargetPlatform
[2018.02.22-07.53.55:075][  0]LogTemp: Display: Loaded TP Android_ETC2TargetPlatform
[2018.02.22-07.53.55:147][  0]LogTemp: Display: Loaded TP Android_MultiTargetPlatform
[2018.02.22-07.53.55:148][  0]LogTemp: Display: Loaded TP Android_PVRTCTargetPlatform
[2018.02.22-07.53.55:174][  0]LogTemp: Display: Loaded TP HTML5TargetPlatform
[2018.02.22-07.53.55:244][  0]LogTemp: Display: Loaded TP IOSTargetPlatform
[2018.02.22-07.53.55:263][  0]LogTemp: Display: Loaded TP TVOSTargetPlatform
[2018.02.22-07.53.55:300][  0]LogTemp: Display: Loaded TP LinuxClientTargetPlatform
[2018.02.22-07.53.55:336][  0]LogTemp: Display: Loaded TP LinuxNoEditorTargetPlatform
[2018.02.22-07.53.55:373][  0]LogTemp: Display: Loaded TP LinuxServerTargetPlatform
[2018.02.22-07.53.55:409][  0]LogTemp: Display: Loaded TP LinuxTargetPlatform
[2018.02.22-07.53.55:409][  0]LogTargetPlatformManager: Display: Building Assets For Windows
[2018.02.22-07.53.55:749][  0]LogDerivedDataCache: Display: Max Cache Size: 512 MB
[2018.02.22-07.53.55:820][  0]LogDerivedDataCache: Loaded boot cache 0.07s 93MB C:/Users/BraidedMantis7/AppData/Local/UnrealEngine/4.17/DerivedDataCache/Boot.ddc.
[2018.02.22-07.53.55:820][  0]LogDerivedDataCache: Display: Loaded Boot cache: C:/Users/BraidedMantis7/AppData/Local/UnrealEngine/4.17/DerivedDataCache/Boot.ddc
[2018.02.22-07.53.55:820][  0]LogDerivedDataCache: FDerivedDataBackendGraph:  Pak pak cache file ../../../../Unreal_Game/Stealth_Game/StealthGame/DerivedDataCache/DDC.ddp not found, will not use a pak cache.
[2018.02.22-07.53.55:820][  0]LogDerivedDataCache: Unable to find inner node Pak for hierarchical cache Hierarchy.
[2018.02.22-07.53.55:820][  0]LogDerivedDataCache: FDerivedDataBackendGraph:  CompressedPak pak cache file ../../../../Unreal_Game/Stealth_Game/StealthGame/DerivedDataCache/Compressed.ddp not found, will not use a pak cache.
[2018.02.22-07.53.55:820][  0]LogDerivedDataCache: Unable to find inner node CompressedPak for hierarchical cache Hierarchy.
[2018.02.22-07.53.55:834][  0]LogDerivedDataCache: Display: Pak cache opened for reading ../../../Engine/DerivedDataCache/Compressed.ddp.
[2018.02.22-07.53.55:847][  0]LogDerivedDataCache: Using Local data cache path C:/Users/BraidedMantis7/AppData/Local/UnrealEngine/Common/DerivedDataCache: Writable
[2018.02.22-07.53.55:855][  0]LogMaterial: Verifying Global Shaders for PCD3D_SM5
[2018.02.22-07.53.55:855][  0]LogSlate: Using Freetype 2.6.0
[2018.02.22-07.53.55:856][  0]LogSlate: SlateFontCache - WITH_FREETYPE: 1, WITH_HARFBUZZ: 1
[2018.02.22-07.53.55:856][  0]LogSlate: SlateFontCache - WITH_FREETYPE: 1, WITH_HARFBUZZ: 1
[2018.02.22-07.53.56:090][  0]LogAssetRegistry: FAssetRegistry took 0.0248 seconds to start up
[2018.02.22-07.53.56:183][  0]LogInit: Selected Device Profile: [Windows]
[2018.02.22-07.53.56:297][  0]LogContentStreaming: Texture pool size is 0.00 MB
[2018.02.22-07.53.56:527][  0]LogSimplygon: Simplygon DLL not present - disabling.
[2018.02.22-07.53.56:555][  0]LogMeshReduction: Using SimplygonSwarm for distributed automatic mesh merging
[2018.02.22-07.53.56:555][  0]LogMeshReduction: Using QuadricMeshReduction for automatic static mesh reduction
[2018.02.22-07.53.56:555][  0]LogMeshReduction: No automatic skeletal mesh reduction module available
[2018.02.22-07.53.56:555][  0]LogMeshReduction: No automatic mesh merging module available
[2018.02.22-07.53.56:555][  0]LogMeshMerging: No automatic mesh merging module available
[2018.02.22-07.53.56:828][  0]LogNetVersion: StealthGame , NetCL: 3573198, EngineNetVer: 2, GameNetVer: 0 (Checksum: 2014523708)
[2018.02.22-07.53.57:003][  0]LogPackageLocalizationCache: Processed 5 localized package path(s) for 2 prioritized culture(s) in 0.037838 seconds
[2018.02.22-07.53.57:009][  0]LogUObjectArray: 35825 objects as part of root set at end of initial load.
[2018.02.22-07.53.57:009][  0]LogUObjectAllocator: 7529112 out of 0 bytes used by permanent object pool.
[2018.02.22-07.53.57:009][  0]LogUObjectArray: CloseDisregardForGC: 0/0 objects in disregard for GC pool
[2018.02.22-07.53.57:046][  0]LogInit: WinSock: version 1.1 (2.2), MaxSocks=32767, MaxUdp=65467
[2018.02.22-07.53.59:038][  0]LogTcpMessaging: Initializing TcpMessaging bridge
[2018.02.22-07.53.59:076][  0]LogUdpMessaging: Initializing bridge on interface 0.0.0.0:0 to multicast group 230.0.0.1:6666.
[2018.02.22-07.53.59:806][  0]LogMaterial: Uniform references updated for custom material expression Custom.
[2018.02.22-07.54.00:112][  0]SourceControl: Source control is disabled
[2018.02.22-07.54.00:112][  0]SourceControl: Source control is disabled
[2018.02.22-07.54.00:146][  0]SourceControl: Source control is disabled
[2018.02.22-07.54.00:181][  0]SourceControl: Source control is disabled
[2018.02.22-07.54.00:599][  0]LogAndroidPermission: UAndroidPermissionCallbackProxy::GetInstance
[2018.02.22-07.54.00:780][  0]LogOcInput: OculusInput pre-init called
[2018.02.22-07.54.00:974][  0]LogEngine: Initializing Engine...
[2018.02.22-07.54.00:976][  0]LogHMD: Oculus plugin initialized. Version: 4.17.2-3658906+++UE4+Release-4.17, OVRPlugin: 1.15.0
[2018.02.22-07.54.01:219][  0]LogStats: UGameplayTagsManager::ConstructGameplayTagTree: Construct from data asset -  0.000 s
[2018.02.22-07.54.01:219][  0]LogStats: UGameplayTagsManager::ConstructGameplayTagTree: GameplayTagTreeChangedEvent.Broadcast -  0.000 s
[2018.02.22-07.54.01:314][  0]LogAIModule: Creating AISystem for world Untitled
[2018.02.22-07.54.01:337][  0]LogInit: XAudio2 using 'Headset Earphone (HyperX 7.1 Audio)' : 2 channels at 48 kHz using 16 bits per sample (channel mask 0x3)
[2018.02.22-07.54.01:355][  0]LogInit: FAudioDevice initialized.
[2018.02.22-07.54.01:828][  0]LogDerivedDataCache: Saved boot cache 0.47s 93MB C:/Users/BraidedMantis7/AppData/Local/UnrealEngine/4.17/DerivedDataCache/Boot.ddc.
[2018.02.22-07.54.01:837][  0]LogInit: Texture streaming: Enabled
[2018.02.22-07.54.01:904][  0]LogEngineSessionManager: EngineSessionManager initialized
[2018.02.22-07.54.02:059][  0]LogInit: Transaction tracking system initialized
[2018.02.22-07.54.02:274][  0]BlueprintLog: New page: Editor Load
[2018.02.22-07.54.02:976][  0]LocalizationService: Localization service is disabled
[2018.02.22-07.54.03:470][  0]LogConsoleResponse: Display: 
[2018.02.22-07.54.03:627][  0]LogCook: Display: Max memory allowance for cook 16384mb min free memory 0mb
[2018.02.22-07.54.03:627][  0]LogCook: Display: Mobile HDR setting 1
[2018.02.22-07.54.03:627][  0]LogGameplayTags: Display: UGameplayTagsManager::DoneAddingNativeTags. DelegateIsBound: 0
[2018.02.22-07.54.04:403][  0]LogFileCache: Scanning file cache for directory 'E:/Unreal_Game/Stealth_Game/StealthGame/Content/' took 0.01s
[2018.02.22-07.54.04:435][  0]SourceControl: Source control is disabled
[2018.02.22-07.54.04:437][  0]LogFactory: FactoryCreateFile: PackFactory with PackFactory (0 0 E:/UE_4.17/FeaturePacks/StarterContent.upack)
[2018.02.22-07.54.04:441][  0]LogPackFactory: Finished extracting 8 files (including 0 errors).
[2018.02.22-07.54.04:444][  0]LogPackFactory: Copied "../../../Samples/StarterContent/Content/StarterContent/Architecture/Floor_400x400.uasset" to "../../../../Unreal_Game/Stealth_Game/StealthGame/Content/StarterContent/Architecture/Floor_400x400.uasset"
[2018.02.22-07.54.04:445][  0]LogPackFactory: Copied "../../../Samples/StarterContent/Content/StarterContent/Architecture/Pillar_50x500.uasset" to "../../../../Unreal_Game/Stealth_Game/StealthGame/Content/StarterContent/Architecture/Pillar_50x500.uasset"
[2018.02.22-07.54.04:446][  0]LogPackFactory: Copied "../../../Samples/StarterContent/Content/StarterContent/Architecture/SM_AssetPlatform.uasset" to "../../../../Unreal_Game/Stealth_Game/StealthGame/Content/StarterContent/Architecture/SM_AssetPlatform.uasset"
[2018.02.22-07.54.04:447][  0]LogPackFactory: Copied "../../../Samples/StarterContent/Content/StarterContent/Architecture/Wall_400x200.uasset" to "../../../../Unreal_Game/Stealth_Game/StealthGame/Content/StarterContent/Architecture/Wall_400x200.uasset"
[2018.02.22-07.54.04:448][  0]LogPackFactory: Copied "../../../Samples/StarterContent/Content/StarterContent/Architecture/Wall_400x300.uasset" to "../../../../Unreal_Game/Stealth_Game/StealthGame/Content/StarterContent/Architecture/Wall_400x300.uasset"
[2018.02.22-07.54.04:450][  0]LogPackFactory: Copied "../../../Samples/StarterContent/Content/StarterContent/Architecture/Wall_400x400.uasset" to "../../../../Unreal_Game/Stealth_Game/StealthGame/Content/StarterContent/Architecture/Wall_400x400.uasset"
[2018.02.22-07.54.04:451][  0]LogPackFactory: Copied "../../../Samples/StarterContent/Content/StarterContent/Architecture/Wall_500x500.uasset" to "../../../../Unreal_Game/Stealth_Game/StealthGame/Content/StarterContent/Architecture/Wall_500x500.uasset"
[2018.02.22-07.54.04:452][  0]LogPackFactory: Copied "../../../Samples/StarterContent/Content/StarterContent/Architecture/Wall_Door_400x300.uasset" to "../../../../Unreal_Game/Stealth_Game/StealthGame/Content/StarterContent/Architecture/Wall_Door_400x300.uasset"
[2018.02.22-07.54.04:452][  0]LogPackFactory: Copied "../../../Samples/StarterContent/Content/StarterContent/Architecture/Wall_Door_400x400.uasset" to "../../../../Unreal_Game/Stealth_Game/StealthGame/Content/StarterContent/Architecture/Wall_Door_400x400.uasset"
[2018.02.22-07.54.04:453][  0]LogPackFactory: Copied "../../../Samples/StarterContent/Content/StarterContent/Architecture/Wall_Window_400x300.uasset" to "../../../../Unreal_Game/Stealth_Game/StealthGame/Content/StarterContent/Architecture/Wall_Window_400x300.uasset"
[2018.02.22-07.54.04:454][  0]LogPackFactory: Copied "../../../Samples/StarterContent/Content/StarterContent/Architecture/Wall_Window_400x400.uasset" to "../../../../Unreal_Game/Stealth_Game/StealthGame/Content/StarterContent/Architecture/Wall_Window_400x400.uasset"
[2018.02.22-07.54.04:455][  0]LogPackFactory: Copied "../../../Samples/StarterContent/Content/StarterContent/Audio/Collapse01.uasset" to "../../../../Unreal_Game/Stealth_Game/StealthGame/Content/StarterContent/Audio/Collapse01.uasset"
[2018.02.22-07.54.04:457][  0]LogPackFactory: Copied "../../../Samples/StarterContent/Content/StarterContent/Audio/Collapse02.uasset" to "../../../../Unreal_Game/Stealth_Game/StealthGame/Content/StarterContent/Audio/Collapse02.uasset"
[2018.02.22-07.54.04:458][  0]LogPackFactory: Copied "../../../Samples/StarterContent/Content/StarterContent/Audio/Collapse_Cue.uasset" to "../../../../Unreal_Game/Stealth_Game/StealthGame/Content/StarterContent/Audio/Collapse_Cue.uasset"
[2018.02.22-07.54.04:459][  0]LogPackFactory: Copied "../../../Samples/StarterContent/Content/StarterContent/Audio/Explosion01.uasset" to "../../../../Unreal_Game/Stealth_Game/StealthGame/Content/StarterContent/Audio/Explosion01.uasset"
[2018.02.22-07.54.04:460][  0]LogPackFactory: Copied "../../../Samples/StarterContent/Content/StarterContent/Audio/Explosion02.uasset" to "../../../../Unreal_Game/Stealth_Game/StealthGame/Content/StarterContent/Audio/Explosion02.uasset"
[2018.02.22-07.54.04:461][  0]LogPackFactory: Copied "../../../Samples/StarterContent/Content/StarterContent/Audio/Explosion_Cue.uasset" to "../../../../Unreal_Game/Stealth_Game/StealthGame/Content/StarterContent/Audio/Explosion_Cue.uasset"
[2018.02.22-07.54.04:462][  0]LogPackFactory: Copied "../../../Samples/StarterContent/Content/StarterContent/Audio/Fire01.uasset" to "../../../../Unreal_Game/Stealth_Game/StealthGame/Content/StarterContent/Audio/Fire01.uasset"
[2018.02.22-07.54.04:463][  0]LogPackFactory: Copied "../../../Samples/StarterContent/Content/StarterContent/Audio/Fire01_Cue.uasset" to "../../../../Unreal_Game/Stealth_Game/StealthGame/Content/StarterContent/Audio/Fire01_Cue.uasset"
[2018.02.22-07.54.04:465][  0]LogPackFactory: Copied "../../../Samples/StarterContent/Content/StarterContent/Audio/Fire_Sparks01.uasset" to "../../../../Unreal_Game/Stealth_Game/StealthGame/Content/StarterContent/Audio/Fire_Sparks01.uasset"
[2018.02.22-07.54.04:466][  0]LogPackFactory: Copied "../../../Samples/StarterContent/Content/StarterContent/Audio/Fire_Sparks01_Cue.uasset" to "../../../../Unreal_Game/Stealth_Game/StealthGame/Content/StarterContent/Audio/Fire_Sparks01_Cue.uasset"
[2018.02.22-07.54.04:467][  0]LogPackFactory: Copied "../../../Samples/StarterContent/Content/StarterContent/Audio/Light01.uasset" to "../../../../Unreal_Game/Stealth_Game/StealthGame/Content/StarterContent/Audio/Light01.uasset"
[2018.02.22-07.54.04:468][  0]LogPackFactory: Copied "../../../Samples/StarterContent/Content/StarterContent/Audio/Light01_Cue.uasset" to "../../../../Unreal_Game/Stealth_Game/StealthGame/Content/StarterContent/Audio/Light01_Cue.uasset"
[2018.02.22-07.54.04:469][  0]LogPackFactory: Copied "../../../Samples/StarterContent/Content/StarterContent/Audio/Light02.uasset" to "../../../../Unreal_Game/Stealth_Game/StealthGame/Content/StarterContent/Audio/Light02.uasset"
[2018.02.22-07.54.04:470][  0]LogPackFactory: Copied "../../../Samples/StarterContent/Content/StarterContent/Audio/Light02_Cue.uasset" to "../../../../Unreal_Game/Stealth_Game/StealthGame/Content/StarterContent/Audio/Light02_Cue.uasset"
[2018.02.22-07.54.04:471][  0]LogPackFactory: Copied "../../../Samples/StarterContent/Content/StarterContent/Audio/Smoke01.uasset" to "../../../../Unreal_Game/Stealth_Game/StealthGame/Content/StarterContent/Audio/Smoke01.uasset"
[2018.02.22-07.54.04:472][  0]LogPackFactory: Copied "../../../Samples/StarterContent/Content/StarterContent/Audio/Smoke01_Cue.uasset" to "../../../../Unreal_Game/Stealth_Game/StealthGame/Content/StarterContent/Audio/Smoke01_Cue.uasset"
[2018.02.22-07.54.04:473][  0]LogPackFactory: Copied "../../../Samples/StarterContent/Content/StarterContent/Audio/Starter_Background_Cue.uasset" to "../../../../Unreal_Game/Stealth_Game/StealthGame/Content/StarterContent/Audio/Starter_Background_Cue.uasset"
[2018.02.22-07.54.04:475][  0]LogPackFactory: Copied "../../../Samples/StarterContent/Content/StarterContent/Audio/Starter_Birds01.uasset" to "../../../../Unreal_Game/Stealth_Game/StealthGame/Content/StarterContent/Audio/Starter_Birds01.uasset"
[2018.02.22-07.54.04:480][  0]LogPackFactory: Copied "../../../Samples/StarterContent/Content/StarterContent/Audio/Starter_Music01.uasset" to "../../../../Unreal_Game/Stealth_Game/StealthGame/Content/StarterContent/Audio/Starter_Music01.uasset"
[2018.02.22-07.54.04:481][  0]LogPackFactory: Copied "../../../Samples/StarterContent/Content/StarterContent/Audio/Starter_Music_Cue.uasset" to "../../../../Unreal_Game/Stealth_Game/StealthGame/Content/StarterContent/Audio/Starter_Music_Cue.uasset"
[2018.02.22-07.54.04:484][  0]LogPackFactory: Copied "../../../Samples/StarterContent/Content/StarterContent/Audio/Starter_Wind05.uasset" to "../../../../Unreal_Game/Stealth_Game/StealthGame/Content/StarterContent/Audio/Starter_Wind05.uasset"
[2018.02.22-07.54.04:486][  0]LogPackFactory: Copied "../../../Samples/StarterContent/Content/StarterContent/Audio/Starter_Wind06.uasset" to "../../../../Unreal_Game/Stealth_Game/StealthGame/Content/StarterContent/Audio/Starter_Wind06.uasset"
[2018.02.22-07.54.04:487][  0]LogPackFactory: Copied "../../../Samples/StarterContent/Content/StarterContent/Audio/Steam01.uasset" to "../../../../Unreal_Game/Stealth_Game/StealthGame/Content/StarterContent/Audio/Steam01.uasset"
[2018.02.22-07.54.04:488][  0]LogPackFactory: Copied "../../../Samples/StarterContent/Content/StarterContent/Audio/Steam01_Cue.uasset" to "../../../../Unreal_Game/Stealth_Game/StealthGame/Content/StarterContent/Audio/Steam01_Cue.uasset"
[2018.02.22-07.54.04:489][  0]LogPackFactory: Copied "../../../Samples/StarterContent/Content/StarterContent/Blueprints/Blueprint_CeilingLight.uasset" to "../../../../Unreal_Game/Stealth_Game/StealthGame/Content/StarterContent/Blueprints/Blueprint_CeilingLight.uasset"
[2018.02.22-07.54.04:490][  0]LogPackFactory: Copied "../../../Samples/StarterContent/Content/StarterContent/Blueprints/Blueprint_Effect_Explosion.uasset" to "../../../../Unreal_Game/Stealth_Game/StealthGame/Content/StarterContent/Blueprints/Blueprint_Effect_Explosion.uasset"
[2018.02.22-07.54.04:491][  0]LogPackFactory: Copied "../../../Samples/StarterContent/Content/StarterContent/Blueprints/Blueprint_Effect_Fire.uasset" to "../../../../Unreal_Game/Stealth_Game/StealthGame/Content/StarterContent/Blueprints/Blueprint_Effect_Fire.uasset"
[2018.02.22-07.54.04:492][  0]LogPackFactory: Copied "../../../Samples/StarterContent/Content/StarterContent/Blueprints/Blueprint_Effect_Smoke.uasset" to "../../../../Unreal_Game/Stealth_Game/StealthGame/Content/StarterContent/Blueprints/Blueprint_Effect_Smoke.uasset"
[2018.02.22-07.54.04:493][  0]LogPackFactory: Copied "../../../Samples/StarterContent/Content/StarterContent/Blueprints/Blueprint_Effect_Sparks.uasset" to "../../../../Unreal_Game/Stealth_Game/StealthGame/Content/StarterContent/Blueprints/Blueprint_Effect_Sparks.uasset"
[2018.02.22-07.54.04:494][  0]LogPackFactory: Copied "../../../Samples/StarterContent/Content/StarterContent/Blueprints/Blueprint_Effect_Steam.uasset" to "../../../../Unreal_Game/Stealth_Game/StealthGame/Content/StarterContent/Blueprints/Blueprint_Effect_Steam.uasset"
[2018.02.22-07.54.04:495][  0]LogPackFactory: Copied "../../../Samples/StarterContent/Content/StarterContent/Blueprints/Blueprint_WallSconce.uasset" to "../../../../Unreal_Game/Stealth_Game/StealthGame/Content/StarterContent/Blueprints/Blueprint_WallSconce.uasset"
[2018.02.22-07.54.04:496][  0]LogPackFactory: Copied "../../../Samples/StarterContent/Content/StarterContent/Blueprints/BP_LightStudio.uasset" to "../../../../Unreal_Game/Stealth_Game/StealthGame/Content/StarterContent/Blueprints/BP_LightStudio.uasset"
[2018.02.22-07.54.04:497][  0]LogPackFactory: Copied "../../../Samples/StarterContent/Content/StarterContent/Blueprints/Assets/FogBrightnessLUT.uasset" to "../../../../Unreal_Game/Stealth_Game/StealthGame/Content/StarterContent/Blueprints/Assets/FogBrightnessLUT.uasset"
[2018.02.22-07.54.04:498][  0]LogPackFactory: Copied "../../../Samples/StarterContent/Content/StarterContent/Blueprints/Assets/M_LightStage_Arrows.uasset" to "../../../../Unreal_Game/Stealth_Game/StealthGame/Content/StarterContent/Blueprints/Assets/M_LightStage_Arrows.uasset"
[2018.02.22-07.54.04:499][  0]LogPackFactory: Copied "../../../Samples/StarterContent/Content/StarterContent/Blueprints/Assets/M_LightStage_Skybox_Black.uasset" to "../../../../Unreal_Game/Stealth_Game/StealthGame/Content/StarterContent/Blueprints/Assets/M_LightStage_Skybox_Black.uasset"
[2018.02.22-07.54.04:500][  0]LogPackFactory: Copied "../../../Samples/StarterContent/Content/StarterContent/Blueprints/Assets/M_LightStage_Skybox_HDRI.uasset" to "../../../../Unreal_Game/Stealth_Game/StealthGame/Content/StarterContent/Blueprints/Assets/M_LightStage_Skybox_HDRI.uasset"
[2018.02.22-07.54.04:501][  0]LogPackFactory: Copied "../../../Samples/StarterContent/Content/StarterContent/Blueprints/Assets/M_LightStage_Skybox_Master.uasset" to "../../../../Unreal_Game/Stealth_Game/StealthGame/Content/StarterContent/Blueprints/Assets/M_LightStage_Skybox_Master.uasset"
[2018.02.22-07.54.04:502][  0]LogPackFactory: Copied "../../../Samples/StarterContent/Content/StarterContent/Blueprints/Assets/Skybox.uasset" to "../../../../Unreal_Game/Stealth_Game/StealthGame/Content/StarterContent/Blueprints/Assets/Skybox.uasset"
[2018.02.22-07.54.04:504][  0]LogPackFactory: Copied "../../../Samples/StarterContent/Content/StarterContent/Blueprints/Assets/SM_Arrows.uasset" to "../../../../Unreal_Game/Stealth_Game/StealthGame/Content/StarterContent/Blueprints/Assets/SM_Arrows.uasset"
[2018.02.22-07.54.04:505][  0]LogPackFactory: Copied "../../../Samples/StarterContent/Content/StarterContent/Blueprints/Assets/SunlightColorLUT.uasset" to "../../../../Unreal_Game/Stealth_Game/StealthGame/Content/StarterContent/Blueprints/Assets/SunlightColorLUT.uasset"
[2018.02.22-07.54.04:547][  0]LogPackFactory: Copied "../../../Samples/StarterContent/Content/StarterContent/HDRI/HDRI_Epic_Courtyard_Daylight.uasset" to "../../../../Unreal_Game/Stealth_Game/StealthGame/Content/StarterContent/HDRI/HDRI_Epic_Courtyard_Daylight.uasset"
[2018.02.22-07.54.04:548][  0]LogPackFactory: Copied "../../../Samples/StarterContent/Content/StarterContent/Maps/Advanced_Lighting.umap" to "../../../../Unreal_Game/Stealth_Game/StealthGame/Content/StarterContent/Maps/Advanced_Lighting.umap"
[2018.02.22-07.54.04:550][  0]LogPackFactory: Copied "../../../Samples/StarterContent/Content/StarterContent/Maps/Advanced_Lighting_BuiltData.uasset" to "../../../../Unreal_Game/Stealth_Game/StealthGame/Content/StarterContent/Maps/Advanced_Lighting_BuiltData.uasset"
[2018.02.22-07.54.04:552][  0]LogPackFactory: Copied "../../../Samples/StarterContent/Content/StarterContent/Maps/Minimal_Default.umap" to "../../../../Unreal_Game/Stealth_Game/StealthGame/Content/StarterContent/Maps/Minimal_Default.umap"
[2018.02.22-07.54.04:553][  0]LogPackFactory: Copied "../../../Samples/StarterContent/Content/StarterContent/Maps/Minimal_Default_BuiltData.uasset" to "../../../../Unreal_Game/Stealth_Game/StealthGame/Content/StarterContent/Maps/Minimal_Default_BuiltData.uasset"
[2018.02.22-07.54.04:558][  0]LogPackFactory: Copied "../../../Samples/StarterContent/Content/StarterContent/Maps/StarterMap.umap" to "../../../../Unreal_Game/Stealth_Game/StealthGame/Content/StarterContent/Maps/StarterMap.umap"
[2018.02.22-07.54.04:566][  0]LogPackFactory: Copied "../../../Samples/StarterContent/Content/StarterContent/Maps/StarterMap_BuiltData.uasset" to "../../../../Unreal_Game/Stealth_Game/StealthGame/Content/StarterContent/Maps/StarterMap_BuiltData.uasset"
[2018.02.22-07.54.04:567][  0]LogPackFactory: Copied "../../../Samples/StarterContent/Content/StarterContent/Materials/M_AssetPlatform.uasset" to "../../../../Unreal_Game/Stealth_Game/StealthGame/Content/StarterContent/Materials/M_AssetPlatform.uasset"
[2018.02.22-07.54.04:569][  0]LogPackFactory: Copied "../../../Samples/StarterContent/Content/StarterContent/Materials/M_Basic_Floor.uasset" to "../../../../Unreal_Game/Stealth_Game/StealthGame/Content/StarterContent/Materials/M_Basic_Floor.uasset"
[2018.02.22-07.54.04:569][  0]LogPackFactory: Copied "../../../Samples/StarterContent/Content/StarterContent/Materials/M_Basic_Wall.uasset" to "../../../../Unreal_Game/Stealth_Game/StealthGame/Content/StarterContent/Materials/M_Basic_Wall.uasset"
[2018.02.22-07.54.04:571][  0]LogPackFactory: Copied "../../../Samples/StarterContent/Content/StarterContent/Materials/M_Brick_Clay_Beveled.uasset" to "../../../../Unreal_Game/Stealth_Game/StealthGame/Content/StarterContent/Materials/M_Brick_Clay_Beveled.uasset"
[2018.02.22-07.54.04:572][  0]LogPackFactory: Copied "../../../Samples/StarterContent/Content/StarterContent/Materials/M_Brick_Clay_New.uasset" to "../../../../Unreal_Game/Stealth_Game/StealthGame/Content/StarterContent/Materials/M_Brick_Clay_New.uasset"
[2018.02.22-07.54.04:573][  0]LogPackFactory: Copied "../../../Samples/StarterContent/Content/StarterContent/Materials/M_Brick_Clay_Old.uasset" to "../../../../Unreal_Game/Stealth_Game/StealthGame/Content/StarterContent/Materials/M_Brick_Clay_Old.uasset"
[2018.02.22-07.54.04:574][  0]LogPackFactory: Copied "../../../Samples/StarterContent/Content/StarterContent/Materials/M_Brick_Cut_Stone.uasset" to "../../../../Unreal_Game/Stealth_Game/StealthGame/Content/StarterContent/Materials/M_Brick_Cut_Stone.uasset"
[2018.02.22-07.54.04:575][  0]LogPackFactory: Copied "../../../Samples/StarterContent/Content/StarterContent/Materials/M_Brick_Hewn_Stone.uasset" to "../../../../Unreal_Game/Stealth_Game/StealthGame/Content/StarterContent/Materials/M_Brick_Hewn_Stone.uasset"
[2018.02.22-07.54.04:576][  0]LogPackFactory: Copied "../../../Samples/StarterContent/Content/StarterContent/Materials/M_Ceramic_Tile_Checker.uasset" to "../../../../Unreal_Game/Stealth_Game/StealthGame/Content/StarterContent/Materials/M_Ceramic_Tile_Checker.uasset"
[2018.02.22-07.54.04:577][  0]LogPackFactory: Copied "../../../Samples/StarterContent/Content/StarterContent/Materials/M_CobbleStone_Pebble.uasset" to "../../../../Unreal_Game/Stealth_Game/StealthGame/Content/StarterContent/Materials/M_CobbleStone_Pebble.uasset"
[2018.02.22-07.54.04:578][  0]LogPackFactory: Copied "../../../Samples/StarterContent/Content/StarterContent/Materials/M_CobbleStone_Rough.uasset" to "../../../../Unreal_Game/Stealth_Game/StealthGame/Content/StarterContent/Materials/M_CobbleStone_Rough.uasset"
[2018.02.22-07.54.04:579][  0]LogPackFactory: Copied "../../../Samples/StarterContent/Content/StarterContent/Materials/M_CobbleStone_Smooth.uasset" to "../../../../Unreal_Game/Stealth_Game/StealthGame/Content/StarterContent/Materials/M_CobbleStone_Smooth.uasset"
[2018.02.22-07.54.04:580][  0]LogPackFactory: Copied "../../../Samples/StarterContent/Content/StarterContent/Materials/M_ColorGrid_LowSpec.uasset" to "../../../../Unreal_Game/Stealth_Game/StealthGame/Content/StarterContent/Materials/M_ColorGrid_LowSpec.uasset"
[2018.02.22-07.54.04:581][  0]LogPackFactory: Copied "../../../Samples/StarterContent/Content/StarterContent/Materials/M_Concrete_Grime.uasset" to "../../../../Unreal_Game/Stealth_Game/StealthGame/Content/StarterContent/Materials/M_Concrete_Grime.uasset"
[2018.02.22-07.54.04:582][  0]LogPackFactory: Copied "../../../Samples/StarterContent/Content/StarterContent/Materials/M_Concrete_Panels.uasset" to "../../../../Unreal_Game/Stealth_Game/StealthGame/Content/StarterContent/Materials/M_Concrete_Panels.uasset"
[2018.02.22-07.54.04:583][  0]LogPackFactory: Copied "../../../Samples/StarterContent/Content/StarterContent/Materials/M_Concrete_Poured.uasset" to "../../../../Unreal_Game/Stealth_Game/StealthGame/Content/StarterContent/Materials/M_Concrete_Poured.uasset"
[2018.02.22-07.54.04:584][  0]LogPackFactory: Copied "../../../Samples/StarterContent/Content/StarterContent/Materials/M_Concrete_Tiles.uasset" to "../../../../Unreal_Game/Stealth_Game/StealthGame/Content/StarterContent/Materials/M_Concrete_Tiles.uasset"
[2018.02.22-07.54.04:585][  0]LogPackFactory: Copied "../../../Samples/StarterContent/Content/StarterContent/Materials/M_Glass.uasset" to "../../../../Unreal_Game/Stealth_Game/StealthGame/Content/StarterContent/Materials/M_Glass.uasset"
[2018.02.22-07.54.04:586][  0]LogPackFactory: Copied "../../../Samples/StarterContent/Content/StarterContent/Materials/M_Ground_Grass.uasset" to "../../../../Unreal_Game/Stealth_Game/StealthGame/Content/StarterContent/Materials/M_Ground_Grass.uasset"
[2018.02.22-07.54.04:587][  0]LogPackFactory: Copied "../../../Samples/StarterContent/Content/StarterContent/Materials/M_Ground_Gravel.uasset" to "../../../../Unreal_Game/Stealth_Game/StealthGame/Content/StarterContent/Materials/M_Ground_Gravel.uasset"
[2018.02.22-07.54.04:588][  0]LogPackFactory: Copied "../../../Samples/StarterContent/Content/StarterContent/Materials/M_Ground_Moss.uasset" to "../../../../Unreal_Game/Stealth_Game/StealthGame/Content/StarterContent/Materials/M_Ground_Moss.uasset"
[2018.02.22-07.54.04:589][  0]LogPackFactory: Copied "../../../Samples/StarterContent/Content/StarterContent/Materials/M_Metal_Brushed_Nickel.uasset" to "../../../../Unreal_Game/Stealth_Game/StealthGame/Content/StarterContent/Materials/M_Metal_Brushed_Nickel.uasset"
[2018.02.22-07.54.04:591][  0]LogPackFactory: Copied "../../../Samples/StarterContent/Content/StarterContent/Materials/M_Metal_Burnished_Steel.uasset" to "../../../../Unreal_Game/Stealth_Game/StealthGame/Content/StarterContent/Materials/M_Metal_Burnished_Steel.uasset"
[2018.02.22-07.54.04:592][  0]LogPackFactory: Copied "../../../Samples/StarterContent/Content/StarterContent/Materials/M_Metal_Chrome.uasset" to "../../../../Unreal_Game/Stealth_Game/StealthGame/Content/StarterContent/Materials/M_Metal_Chrome.uasset"
[2018.02.22-07.54.04:593][  0]LogPackFactory: Copied "../../../Samples/StarterContent/Content/StarterContent/Materials/M_Metal_Copper.uasset" to "../../../../Unreal_Game/Stealth_Game/StealthGame/Content/StarterContent/Materials/M_Metal_Copper.uasset"
[2018.02.22-07.54.04:594][  0]LogPackFactory: Copied "../../../Samples/StarterContent/Content/StarterContent/Materials/M_Metal_Gold.uasset" to "../../../../Unreal_Game/Stealth_Game/StealthGame/Content/StarterContent/Materials/M_Metal_Gold.uasset"
[2018.02.22-07.54.04:595][  0]LogPackFactory: Copied "../../../Samples/StarterContent/Content/StarterContent/Materials/M_Metal_Rust.uasset" to "../../../../Unreal_Game/Stealth_Game/StealthGame/Content/StarterContent/Materials/M_Metal_Rust.uasset"
[2018.02.22-07.54.04:596][  0]LogPackFactory: Copied "../../../Samples/StarterContent/Content/StarterContent/Materials/M_Metal_Steel.uasset" to "../../../../Unreal_Game/Stealth_Game/StealthGame/Content/StarterContent/Materials/M_Metal_Steel.uasset"
[2018.02.22-07.54.04:597][  0]LogPackFactory: Copied "../../../Samples/StarterContent/Content/StarterContent/Materials/M_Rock_Basalt.uasset" to "../../../../Unreal_Game/Stealth_Game/StealthGame/Content/StarterContent/Materials/M_Rock_Basalt.uasset"
[2018.02.22-07.54.04:598][  0]LogPackFactory: Copied "../../../Samples/StarterContent/Content/StarterContent/Materials/M_Rock_Marble_Polished.uasset" to "../../../../Unreal_Game/Stealth_Game/StealthGame/Content/StarterContent/Materials/M_Rock_Marble_Polished.uasset"
[2018.02.22-07.54.04:599][  0]LogPackFactory: Copied "../../../Samples/StarterContent/Content/StarterContent/Materials/M_Rock_Sandstone.uasset" to "../../../../Unreal_Game/Stealth_Game/StealthGame/Content/StarterContent/Materials/M_Rock_Sandstone.uasset"
[2018.02.22-07.54.04:600][  0]LogPackFactory: Copied "../../../Samples/StarterContent/Content/StarterContent/Materials/M_Rock_Slate.uasset" to "../../../../Unreal_Game/Stealth_Game/StealthGame/Content/StarterContent/Materials/M_Rock_Slate.uasset"
[2018.02.22-07.54.04:601][  0]LogPackFactory: Copied "../../../Samples/StarterContent/Content/StarterContent/Materials/M_Tech_Checker_Dot.uasset" to "../../../../Unreal_Game/Stealth_Game/StealthGame/Content/StarterContent/Materials/M_Tech_Checker_Dot.uasset"
[2018.02.22-07.54.04:602][  0]LogPackFactory: Copied "../../../Samples/StarterContent/Content/StarterContent/Materials/M_Tech_Hex_Tile.uasset" to "../../../../Unreal_Game/Stealth_Game/StealthGame/Content/StarterContent/Materials/M_Tech_Hex_Tile.uasset"
[2018.02.22-07.54.04:603][  0]LogPackFactory: Copied "../../../Samples/StarterContent/Content/StarterContent/Materials/M_Tech_Hex_Tile_Pulse.uasset" to "../../../../Unreal_Game/Stealth_Game/StealthGame/Content/StarterContent/Materials/M_Tech_Hex_Tile_Pulse.uasset"
[2018.02.22-07.54.04:604][  0]LogPackFactory: Copied "../../../Samples/StarterContent/Content/StarterContent/Materials/M_Tech_Panel.uasset" to "../../../../Unreal_Game/Stealth_Game/StealthGame/Content/StarterContent/Materials/M_Tech_Panel.uasset"
[2018.02.22-07.54.04:605][  0]LogPackFactory: Copied "../../../Samples/StarterContent/Content/StarterContent/Materials/M_Water_Lake.uasset" to "../../../../Unreal_Game/Stealth_Game/StealthGame/Content/StarterContent/Materials/M_Water_Lake.uasset"
[2018.02.22-07.54.04:606][  0]LogPackFactory: Copied "../../../Samples/StarterContent/Content/StarterContent/Materials/M_Water_Ocean.uasset" to "../../../../Unreal_Game/Stealth_Game/StealthGame/Content/StarterContent/Materials/M_Water_Ocean.uasset"
[2018.02.22-07.54.04:607][  0]LogPackFactory: Copied "../../../Samples/StarterContent/Content/StarterContent/Materials/M_Wood_Floor_Walnut_Polished.uasset" to "../../../../Unreal_Game/Stealth_Game/StealthGame/Content/StarterContent/Materials/M_Wood_Floor_Walnut_Polished.uasset"
[2018.02.22-07.54.04:608][  0]LogPackFactory: Copied "../../../Samples/StarterContent/Content/StarterContent/Materials/M_Wood_Floor_Walnut_Worn.uasset" to "../../../../Unreal_Game/Stealth_Game/StealthGame/Content/StarterContent/Materials/M_Wood_Floor_Walnut_Worn.uasset"
[2018.02.22-07.54.04:609][  0]LogPackFactory: Copied "../../../Samples/StarterContent/Content/StarterContent/Materials/M_Wood_Oak.uasset" to "../../../../Unreal_Game/Stealth_Game/StealthGame/Content/StarterContent/Materials/M_Wood_Oak.uasset"
[2018.02.22-07.54.04:610][  0]LogPackFactory: Copied "../../../Samples/StarterContent/Content/StarterContent/Materials/M_Wood_Pine.uasset" to "../../../../Unreal_Game/Stealth_Game/StealthGame/Content/StarterContent/Materials/M_Wood_Pine.uasset"
[2018.02.22-07.54.04:611][  0]LogPackFactory: Copied "../../../Samples/StarterContent/Content/StarterContent/Materials/M_Wood_Walnut.uasset" to "../../../../Unreal_Game/Stealth_Game/StealthGame/Content/StarterContent/Materials/M_Wood_Walnut.uasset"
[2018.02.22-07.54.04:613][  0]LogPackFactory: Copied "../../../Samples/StarterContent/Content/StarterContent/Particles/P_Ambient_Dust.uasset" to "../../../../Unreal_Game/Stealth_Game/StealthGame/Content/StarterContent/Particles/P_Ambient_Dust.uasset"
[2018.02.22-07.54.04:614][  0]LogPackFactory: Copied "../../../Samples/StarterContent/Content/StarterContent/Particles/P_Explosion.uasset" to "../../../../Unreal_Game/Stealth_Game/StealthGame/Content/StarterContent/Particles/P_Explosion.uasset"
[2018.02.22-07.54.04:615][  0]LogPackFactory: Copied "../../../Samples/StarterContent/Content/StarterContent/Particles/P_Fire.uasset" to "../../../../Unreal_Game/Stealth_Game/StealthGame/Content/StarterContent/Particles/P_Fire.uasset"
[2018.02.22-07.54.04:616][  0]LogPackFactory: Copied "../../../Samples/StarterContent/Content/StarterContent/Particles/P_Smoke.uasset" to "../../../../Unreal_Game/Stealth_Game/StealthGame/Content/StarterContent/Particles/P_Smoke.uasset"
[2018.02.22-07.54.04:617][  0]LogPackFactory: Copied "../../../Samples/StarterContent/Content/StarterContent/Particles/P_Sparks.uasset" to "../../../../Unreal_Game/Stealth_Game/StealthGame/Content/StarterContent/Particles/P_Sparks.uasset"
[2018.02.22-07.54.04:626][  0]LogPackFactory: Copied "../../../Samples/StarterContent/Content/StarterContent/Particles/P_Steam_Lit.uasset" to "../../../../Unreal_Game/Stealth_Game/StealthGame/Content/StarterContent/Particles/P_Steam_Lit.uasset"
[2018.02.22-07.54.04:627][  0]LogPackFactory: Copied "../../../Samples/StarterContent/Content/StarterContent/Particles/Materials/M_Burst.uasset" to "../../../../Unreal_Game/Stealth_Game/StealthGame/Content/StarterContent/Particles/Materials/M_Burst.uasset"
[2018.02.22-07.54.04:628][  0]LogPackFactory: Copied "../../../Samples/StarterContent/Content/StarterContent/Particles/Materials/M_Dust_Particle.uasset" to "../../../../Unreal_Game/Stealth_Game/StealthGame/Content/StarterContent/Particles/Materials/M_Dust_Particle.uasset"
[2018.02.22-07.54.04:629][  0]LogPackFactory: Copied "../../../Samples/StarterContent/Content/StarterContent/Particles/Materials/M_explosion_subUV.uasset" to "../../../../Unreal_Game/Stealth_Game/StealthGame/Content/StarterContent/Particles/Materials/M_explosion_subUV.uasset"
[2018.02.22-07.54.04:630][  0]LogPackFactory: Copied "../../../Samples/StarterContent/Content/StarterContent/Particles/Materials/M_Fire_SubUV.uasset" to "../../../../Unreal_Game/Stealth_Game/StealthGame/Content/StarterContent/Particles/Materials/M_Fire_SubUV.uasset"
[2018.02.22-07.54.04:631][  0]LogPackFactory: Copied "../../../Samples/StarterContent/Content/StarterContent/Particles/Materials/m_flare_01.uasset" to "../../../../Unreal_Game/Stealth_Game/StealthGame/Content/StarterContent/Particles/Materials/m_flare_01.uasset"
[2018.02.22-07.54.04:632][  0]LogPackFactory: Copied "../../../Samples/StarterContent/Content/StarterContent/Particles/Materials/M_Heat_Distortion.uasset" to "../../../../Unreal_Game/Stealth_Game/StealthGame/Content/StarterContent/Particles/Materials/M_Heat_Distortion.uasset"
[2018.02.22-07.54.04:639][  0]LogPackFactory: Copied "../../../Samples/StarterContent/Content/StarterContent/Particles/Materials/M_Radial_Gradient.uasset" to "../../../../Unreal_Game/Stealth_Game/StealthGame/Content/StarterContent/Particles/Materials/M_Radial_Gradient.uasset"
[2018.02.22-07.54.04:640][  0]LogPackFactory: Copied "../../../Samples/StarterContent/Content/StarterContent/Particles/Materials/M_radial_ramp.uasset" to "../../../../Unreal_Game/Stealth_Game/StealthGame/Content/StarterContent/Particles/Materials/M_radial_ramp.uasset"
[2018.02.22-07.54.04:641][  0]LogPackFactory: Copied "../../../Samples/StarterContent/Content/StarterContent/Particles/Materials/M_smoke_subUV.uasset" to "../../../../Unreal_Game/Stealth_Game/StealthGame/Content/StarterContent/Particles/Materials/M_smoke_subUV.uasset"
[2018.02.22-07.54.04:642][  0]LogPackFactory: Copied "../../../Samples/StarterContent/Content/StarterContent/Particles/Materials/M_Spark.uasset" to "../../../../Unreal_Game/Stealth_Game/StealthGame/Content/StarterContent/Particles/Materials/M_Spark.uasset"
[2018.02.22-07.54.04:643][  0]LogPackFactory: Copied "../../../Samples/StarterContent/Content/StarterContent/Props/MaterialSphere.uasset" to "../../../../Unreal_Game/Stealth_Game/StealthGame/Content/StarterContent/Props/MaterialSphere.uasset"
[2018.02.22-07.54.04:644][  0]LogPackFactory: Copied "../../../Samples/StarterContent/Content/StarterContent/Props/SM_Bush.uasset" to "../../../../Unreal_Game/Stealth_Game/StealthGame/Content/StarterContent/Props/SM_Bush.uasset"
[2018.02.22-07.54.04:645][  0]LogPackFactory: Copied "../../../Samples/StarterContent/Content/StarterContent/Props/SM_Chair.uasset" to "../../../../Unreal_Game/Stealth_Game/StealthGame/Content/StarterContent/Props/SM_Chair.uasset"
[2018.02.22-07.54.04:646][  0]LogPackFactory: Copied "../../../Samples/StarterContent/Content/StarterContent/Props/SM_CornerFrame.uasset" to "../../../../Unreal_Game/Stealth_Game/StealthGame/Content/StarterContent/Props/SM_CornerFrame.uasset"
[2018.02.22-07.54.04:647][  0]LogPackFactory: Copied "../../../Samples/StarterContent/Content/StarterContent/Props/SM_Couch.uasset" to "../../../../Unreal_Game/Stealth_Game/StealthGame/Content/StarterContent/Props/SM_Couch.uasset"
[2018.02.22-07.54.04:649][  0]LogPackFactory: Copied "../../../Samples/StarterContent/Content/StarterContent/Props/SM_Door.uasset" to "../../../../Unreal_Game/Stealth_Game/StealthGame/Content/StarterContent/Props/SM_Door.uasset"
[2018.02.22-07.54.04:650][  0]LogPackFactory: Copied "../../../Samples/StarterContent/Content/StarterContent/Props/SM_DoorFrame.uasset" to "../../../../Unreal_Game/Stealth_Game/StealthGame/Content/StarterContent/Props/SM_DoorFrame.uasset"
[2018.02.22-07.54.04:651][  0]LogPackFactory: Copied "../../../Samples/StarterContent/Content/StarterContent/Props/SM_GlassWindow.uasset" to "../../../../Unreal_Game/Stealth_Game/StealthGame/Content/StarterContent/Props/SM_GlassWindow.uasset"
[2018.02.22-07.54.04:652][  0]LogPackFactory: Copied "../../../Samples/StarterContent/Content/StarterContent/Props/SM_Lamp_Ceiling.uasset" to "../../../../Unreal_Game/Stealth_Game/StealthGame/Content/StarterContent/Props/SM_Lamp_Ceiling.uasset"
[2018.02.22-07.54.04:653][  0]LogPackFactory: Copied "../../../Samples/StarterContent/Content/StarterContent/Props/SM_Lamp_Wall.uasset" to "../../../../Unreal_Game/Stealth_Game/StealthGame/Content/StarterContent/Props/SM_Lamp_Wall.uasset"
[2018.02.22-07.54.04:655][  0]LogPackFactory: Copied "../../../Samples/StarterContent/Content/StarterContent/Props/SM_MatPreviewMesh_02.uasset" to "../../../../Unreal_Game/Stealth_Game/StealthGame/Content/StarterContent/Props/SM_MatPreviewMesh_02.uasset"
[2018.02.22-07.54.04:656][  0]LogPackFactory: Copied "../../../Samples/StarterContent/Content/StarterContent/Props/SM_PillarFrame.uasset" to "../../../../Unreal_Game/Stealth_Game/StealthGame/Content/StarterContent/Props/SM_PillarFrame.uasset"
[2018.02.22-07.54.04:657][  0]LogPackFactory: Copied "../../../Samples/StarterContent/Content/StarterContent/Props/SM_PillarFrame300.uasset" to "../../../../Unreal_Game/Stealth_Game/StealthGame/Content/StarterContent/Props/SM_PillarFrame300.uasset"
[2018.02.22-07.54.04:658][  0]LogPackFactory: Copied "../../../Samples/StarterContent/Content/StarterContent/Props/SM_Rock.uasset" to "../../../../Unreal_Game/Stealth_Game/StealthGame/Content/StarterContent/Props/SM_Rock.uasset"
[2018.02.22-07.54.04:659][  0]LogPackFactory: Copied "../../../Samples/StarterContent/Content/StarterContent/Props/SM_Shelf.uasset" to "../../../../Unreal_Game/Stealth_Game/StealthGame/Content/StarterContent/Props/SM_Shelf.uasset"
[2018.02.22-07.54.04:660][  0]LogPackFactory: Copied "../../../Samples/StarterContent/Content/StarterContent/Props/SM_Stairs.uasset" to "../../../../Unreal_Game/Stealth_Game/StealthGame/Content/StarterContent/Props/SM_Stairs.uasset"
[2018.02.22-07.54.04:661][  0]LogPackFactory: Copied "../../../Samples/StarterContent/Content/StarterContent/Props/SM_Statue.uasset" to "../../../../Unreal_Game/Stealth_Game/StealthGame/Content/StarterContent/Props/SM_Statue.uasset"
[2018.02.22-07.54.04:662][  0]LogPackFactory: Copied "../../../Samples/StarterContent/Content/StarterContent/Props/SM_TableRound.uasset" to "../../../../Unreal_Game/Stealth_Game/StealthGame/Content/StarterContent/Props/SM_TableRound.uasset"
[2018.02.22-07.54.04:663][  0]LogPackFactory: Copied "../../../Samples/StarterContent/Content/StarterContent/Props/SM_WindowFrame.uasset" to "../../../../Unreal_Game/Stealth_Game/StealthGame/Content/StarterContent/Props/SM_WindowFrame.uasset"
[2018.02.22-07.54.04:664][  0]LogPackFactory: Copied "../../../Samples/StarterContent/Content/StarterContent/Props/Materials/M_Bush.uasset" to "../../../../Unreal_Game/Stealth_Game/StealthGame/Content/StarterContent/Props/Materials/M_Bush.uasset"
[2018.02.22-07.54.04:665][  0]LogPackFactory: Copied "../../../Samples/StarterContent/Content/StarterContent/Props/Materials/M_Chair.uasset" to "../../../../Unreal_Game/Stealth_Game/StealthGame/Content/StarterContent/Props/Materials/M_Chair.uasset"
[2018.02.22-07.54.04:666][  0]LogPackFactory: Copied "../../../Samples/StarterContent/Content/StarterContent/Props/Materials/M_Door.uasset" to "../../../../Unreal_Game/Stealth_Game/StealthGame/Content/StarterContent/Props/Materials/M_Door.uasset"
[2018.02.22-07.54.04:667][  0]LogPackFactory: Copied "../../../Samples/StarterContent/Content/StarterContent/Props/Materials/M_Frame.uasset" to "../../../../Unreal_Game/Stealth_Game/StealthGame/Content/StarterContent/Props/Materials/M_Frame.uasset"
[2018.02.22-07.54.04:668][  0]LogPackFactory: Copied "../../../Samples/StarterContent/Content/StarterContent/Props/Materials/M_Lamp.uasset" to "../../../../Unreal_Game/Stealth_Game/StealthGame/Content/StarterContent/Props/Materials/M_Lamp.uasset"
[2018.02.22-07.54.04:670][  0]LogPackFactory: Copied "../../../Samples/StarterContent/Content/StarterContent/Props/Materials/M_MaterialSphere.uasset" to "../../../../Unreal_Game/Stealth_Game/StealthGame/Content/StarterContent/Props/Materials/M_MaterialSphere.uasset"
[2018.02.22-07.54.04:671][  0]LogPackFactory: Copied "../../../Samples/StarterContent/Content/StarterContent/Props/Materials/M_MaterialSphere_Plain.uasset" to "../../../../Unreal_Game/Stealth_Game/StealthGame/Content/StarterContent/Props/Materials/M_MaterialSphere_Plain.uasset"
[2018.02.22-07.54.04:672][  0]LogPackFactory: Copied "../../../Samples/StarterContent/Content/StarterContent/Props/Materials/M_Rock.uasset" to "../../../../Unreal_Game/Stealth_Game/StealthGame/Content/StarterContent/Props/Materials/M_Rock.uasset"
[2018.02.22-07.54.04:673][  0]LogPackFactory: Copied "../../../Samples/StarterContent/Content/StarterContent/Props/Materials/M_Shelf.uasset" to "../../../../Unreal_Game/Stealth_Game/StealthGame/Content/StarterContent/Props/Materials/M_Shelf.uasset"
[2018.02.22-07.54.04:674][  0]LogPackFactory: Copied "../../../Samples/StarterContent/Content/StarterContent/Props/Materials/M_Statue.uasset" to "../../../../Unreal_Game/Stealth_Game/StealthGame/Content/StarterContent/Props/Materials/M_Statue.uasset"
[2018.02.22-07.54.04:675][  0]LogPackFactory: Copied "../../../Samples/StarterContent/Content/StarterContent/Props/Materials/M_StatueGlass.uasset" to "../../../../Unreal_Game/Stealth_Game/StealthGame/Content/StarterContent/Props/Materials/M_StatueGlass.uasset"
[2018.02.22-07.54.04:676][  0]LogPackFactory: Copied "../../../Samples/StarterContent/Content/StarterContent/Props/Materials/M_TableRound.uasset" to "../../../../Unreal_Game/Stealth_Game/StealthGame/Content/StarterContent/Props/Materials/M_TableRound.uasset"
[2018.02.22-07.54.04:677][  0]LogPackFactory: Copied "../../../Samples/StarterContent/Content/StarterContent/Shapes/Shape_Cone.uasset" to "../../../../Unreal_Game/Stealth_Game/StealthGame/Content/StarterContent/Shapes/Shape_Cone.uasset"
[2018.02.22-07.54.04:678][  0]LogPackFactory: Copied "../../../Samples/StarterContent/Content/StarterContent/Shapes/Shape_Cube.uasset" to "../../../../Unreal_Game/Stealth_Game/StealthGame/Content/StarterContent/Shapes/Shape_Cube.uasset"
[2018.02.22-07.54.04:679][  0]LogPackFactory: Copied "../../../Samples/StarterContent/Content/StarterContent/Shapes/Shape_Cylinder.uasset" to "../../../../Unreal_Game/Stealth_Game/StealthGame/Content/StarterContent/Shapes/Shape_Cylinder.uasset"
[2018.02.22-07.54.04:680][  0]LogPackFactory: Copied "../../../Samples/StarterContent/Content/StarterContent/Shapes/Shape_NarrowCapsule.uasset" to "../../../../Unreal_Game/Stealth_Game/StealthGame/Content/StarterContent/Shapes/Shape_NarrowCapsule.uasset"
[2018.02.22-07.54.04:681][  0]LogPackFactory: Copied "../../../Samples/StarterContent/Content/StarterContent/Shapes/Shape_Pipe.uasset" to "../../../../Unreal_Game/Stealth_Game/StealthGame/Content/StarterContent/Shapes/Shape_Pipe.uasset"
[2018.02.22-07.54.04:682][  0]LogPackFactory: Copied "../../../Samples/StarterContent/Content/StarterContent/Shapes/Shape_Pipe_180.uasset" to "../../../../Unreal_Game/Stealth_Game/StealthGame/Content/StarterContent/Shapes/Shape_Pipe_180.uasset"
[2018.02.22-07.54.04:683][  0]LogPackFactory: Copied "../../../Samples/StarterContent/Content/StarterContent/Shapes/Shape_Pipe_90.uasset" to "../../../../Unreal_Game/Stealth_Game/StealthGame/Content/StarterContent/Shapes/Shape_Pipe_90.uasset"
[2018.02.22-07.54.04:684][  0]LogPackFactory: Copied "../../../Samples/StarterContent/Content/StarterContent/Shapes/Shape_Plane.uasset" to "../../../../Unreal_Game/Stealth_Game/StealthGame/Content/StarterContent/Shapes/Shape_Plane.uasset"
[2018.02.22-07.54.04:685][  0]LogPackFactory: Copied "../../../Samples/StarterContent/Content/StarterContent/Shapes/Shape_QuadPyramid.uasset" to "../../../../Unreal_Game/Stealth_Game/StealthGame/Content/StarterContent/Shapes/Shape_QuadPyramid.uasset"
[2018.02.22-07.54.04:686][  0]LogPackFactory: Copied "../../../Samples/StarterContent/Content/StarterContent/Shapes/Shape_Sphere.uasset" to "../../../../Unreal_Game/Stealth_Game/StealthGame/Content/StarterContent/Shapes/Shape_Sphere.uasset"
[2018.02.22-07.54.04:687][  0]LogPackFactory: Copied "../../../Samples/StarterContent/Content/StarterContent/Shapes/Shape_Torus.uasset" to "../../../../Unreal_Game/Stealth_Game/StealthGame/Content/StarterContent/Shapes/Shape_Torus.uasset"
[2018.02.22-07.54.04:688][  0]LogPackFactory: Copied "../../../Samples/StarterContent/Content/StarterContent/Shapes/Shape_Trim.uasset" to "../../../../Unreal_Game/Stealth_Game/StealthGame/Content/StarterContent/Shapes/Shape_Trim.uasset"
[2018.02.22-07.54.04:689][  0]LogPackFactory: Copied "../../../Samples/StarterContent/Content/StarterContent/Shapes/Shape_Trim_90_In.uasset" to "../../../../Unreal_Game/Stealth_Game/StealthGame/Content/StarterContent/Shapes/Shape_Trim_90_In.uasset"
[2018.02.22-07.54.04:690][  0]LogPackFactory: Copied "../../../Samples/StarterContent/Content/StarterContent/Shapes/Shape_Trim_90_Out.uasset" to "../../../../Unreal_Game/Stealth_Game/StealthGame/Content/StarterContent/Shapes/Shape_Trim_90_Out.uasset"
[2018.02.22-07.54.04:691][  0]LogPackFactory: Copied "../../../Samples/StarterContent/Content/StarterContent/Shapes/Shape_TriPyramid.uasset" to "../../../../Unreal_Game/Stealth_Game/StealthGame/Content/StarterContent/Shapes/Shape_TriPyramid.uasset"
[2018.02.22-07.54.04:692][  0]LogPackFactory: Copied "../../../Samples/StarterContent/Content/StarterContent/Shapes/Shape_Tube.uasset" to "../../../../Unreal_Game/Stealth_Game/StealthGame/Content/StarterContent/Shapes/Shape_Tube.uasset"
[2018.02.22-07.54.04:693][  0]LogPackFactory: Copied "../../../Samples/StarterContent/Content/StarterContent/Shapes/Shape_Wedge_A.uasset" to "../../../../Unreal_Game/Stealth_Game/StealthGame/Content/StarterContent/Shapes/Shape_Wedge_A.uasset"
[2018.02.22-07.54.04:694][  0]LogPackFactory: Copied "../../../Samples/StarterContent/Content/StarterContent/Shapes/Shape_Wedge_B.uasset" to "../../../../Unreal_Game/Stealth_Game/StealthGame/Content/StarterContent/Shapes/Shape_Wedge_B.uasset"
[2018.02.22-07.54.04:696][  0]LogPackFactory: Copied "../../../Samples/StarterContent/Content/StarterContent/Shapes/Shape_WideCapsule.uasset" to "../../../../Unreal_Game/Stealth_Game/StealthGame/Content/StarterContent/Shapes/Shape_WideCapsule.uasset"
[2018.02.22-07.54.04:701][  0]LogPackFactory: Copied "../../../Samples/StarterContent/Content/StarterContent/Textures/T_Brick_Clay_Beveled_D.uasset" to "../../../../Unreal_Game/Stealth_Game/StealthGame/Content/StarterContent/Textures/T_Brick_Clay_Beveled_D.uasset"
[2018.02.22-07.54.04:707][  0]LogPackFactory: Copied "../../../Samples/StarterContent/Content/StarterContent/Textures/T_Brick_Clay_Beveled_M.uasset" to "../../../../Unreal_Game/Stealth_Game/StealthGame/Content/StarterContent/Textures/T_Brick_Clay_Beveled_M.uasset"
[2018.02.22-07.54.04:712][  0]LogPackFactory: Copied "../../../Samples/StarterContent/Content/StarterContent/Textures/T_Brick_Clay_Beveled_N.uasset" to "../../../../Unreal_Game/Stealth_Game/StealthGame/Content/StarterContent/Textures/T_Brick_Clay_Beveled_N.uasset"
[2018.02.22-07.54.04:716][  0]LogPackFactory: Copied "../../../Samples/StarterContent/Content/StarterContent/Textures/T_Brick_Clay_New_D.uasset" to "../../../../Unreal_Game/Stealth_Game/StealthGame/Content/StarterContent/Textures/T_Brick_Clay_New_D.uasset"
[2018.02.22-07.54.04:722][  0]LogPackFactory: Copied "../../../Samples/StarterContent/Content/StarterContent/Textures/T_Brick_Clay_New_M.uasset" to "../../../../Unreal_Game/Stealth_Game/StealthGame/Content/StarterContent/Textures/T_Brick_Clay_New_M.uasset"
[2018.02.22-07.54.04:728][  0]LogPackFactory: Copied "../../../Samples/StarterContent/Content/StarterContent/Textures/T_Brick_Clay_New_N.uasset" to "../../../../Unreal_Game/Stealth_Game/StealthGame/Content/StarterContent/Textures/T_Brick_Clay_New_N.uasset"
[2018.02.22-07.54.04:735][  0]LogPackFactory: Copied "../../../Samples/StarterContent/Content/StarterContent/Textures/T_Brick_Clay_Old_D.uasset" to "../../../../Unreal_Game/Stealth_Game/StealthGame/Content/StarterContent/Textures/T_Brick_Clay_Old_D.uasset"
[2018.02.22-07.54.04:747][  0]LogPackFactory: Copied "../../../Samples/StarterContent/Content/StarterContent/Textures/T_Brick_Clay_Old_N.uasset" to "../../../../Unreal_Game/Stealth_Game/StealthGame/Content/StarterContent/Textures/T_Brick_Clay_Old_N.uasset"
[2018.02.22-07.54.04:757][  0]LogPackFactory: Copied "../../../Samples/StarterContent/Content/StarterContent/Textures/T_Brick_Cut_Stone_D.uasset" to "../../../../Unreal_Game/Stealth_Game/StealthGame/Content/StarterContent/Textures/T_Brick_Cut_Stone_D.uasset"
[2018.02.22-07.54.04:772][  0]LogPackFactory: Copied "../../../Samples/StarterContent/Content/StarterContent/Textures/T_Brick_Cut_Stone_N.uasset" to "../../../../Unreal_Game/Stealth_Game/StealthGame/Content/StarterContent/Textures/T_Brick_Cut_Stone_N.uasset"
[2018.02.22-07.54.04:778][  0]LogPackFactory: Copied "../../../Samples/StarterContent/Content/StarterContent/Textures/T_Brick_Hewn_Stone_D.uasset" to "../../../../Unreal_Game/Stealth_Game/StealthGame/Content/StarterContent/Textures/T_Brick_Hewn_Stone_D.uasset"
[2018.02.22-07.54.04:782][  0]LogPackFactory: Copied "../../../Samples/StarterContent/Content/StarterContent/Textures/T_Brick_Hewn_Stone_M.uasset" to "../../../../Unreal_Game/Stealth_Game/StealthGame/Content/StarterContent/Textures/T_Brick_Hewn_Stone_M.uasset"
[2018.02.22-07.54.04:788][  0]LogPackFactory: Copied "../../../Samples/StarterContent/Content/StarterContent/Textures/T_Brick_Hewn_Stone_N.uasset" to "../../../../Unreal_Game/Stealth_Game/StealthGame/Content/StarterContent/Textures/T_Brick_Hewn_Stone_N.uasset"
[2018.02.22-07.54.04:790][  0]LogPackFactory: Copied "../../../Samples/StarterContent/Content/StarterContent/Textures/T_Burst_M.uasset" to "../../../../Unreal_Game/Stealth_Game/StealthGame/Content/StarterContent/Textures/T_Burst_M.uasset"
[2018.02.22-07.54.04:791][  0]LogPackFactory: Copied "../../../Samples/StarterContent/Content/StarterContent/Textures/T_Bush_D.uasset" to "../../../../Unreal_Game/Stealth_Game/StealthGame/Content/StarterContent/Textures/T_Bush_D.uasset"
[2018.02.22-07.54.04:792][  0]LogPackFactory: Copied "../../../Samples/StarterContent/Content/StarterContent/Textures/T_Bush_N.uasset" to "../../../../Unreal_Game/Stealth_Game/StealthGame/Content/StarterContent/Textures/T_Bush_N.uasset"
[2018.02.22-07.54.04:793][  0]LogPackFactory: Copied "../../../Samples/StarterContent/Content/StarterContent/Textures/T_Ceramic_Tile_M.uasset" to "../../../../Unreal_Game/Stealth_Game/StealthGame/Content/StarterContent/Textures/T_Ceramic_Tile_M.uasset"
[2018.02.22-07.54.04:794][  0]LogPackFactory: Copied "../../../Samples/StarterContent/Content/StarterContent/Textures/T_Ceramic_Tile_N.uasset" to "../../../../Unreal_Game/Stealth_Game/StealthGame/Content/StarterContent/Textures/T_Ceramic_Tile_N.uasset"
[2018.02.22-07.54.04:795][  0]LogPackFactory: Copied "../../../Samples/StarterContent/Content/StarterContent/Textures/T_Chair_M.uasset" to "../../../../Unreal_Game/Stealth_Game/StealthGame/Content/StarterContent/Textures/T_Chair_M.uasset"
[2018.02.22-07.54.04:797][  0]LogPackFactory: Copied "../../../Samples/StarterContent/Content/StarterContent/Textures/T_Chair_N.uasset" to "../../../../Unreal_Game/Stealth_Game/StealthGame/Content/StarterContent/Textures/T_Chair_N.uasset"
[2018.02.22-07.54.04:799][  0]LogPackFactory: Copied "../../../Samples/StarterContent/Content/StarterContent/Textures/T_Checker_Noise_M.uasset" to "../../../../Unreal_Game/Stealth_Game/StealthGame/Content/StarterContent/Textures/T_Checker_Noise_M.uasset"
[2018.02.22-07.54.04:806][  0]LogPackFactory: Copied "../../../Samples/StarterContent/Content/StarterContent/Textures/T_CobbleStone_Pebble_D.uasset" to "../../../../Unreal_Game/Stealth_Game/StealthGame/Content/StarterContent/Textures/T_CobbleStone_Pebble_D.uasset"
[2018.02.22-07.54.04:808][  0]LogPackFactory: Copied "../../../Samples/StarterContent/Content/StarterContent/Textures/T_CobbleStone_Pebble_M.uasset" to "../../../../Unreal_Game/Stealth_Game/StealthGame/Content/StarterContent/Textures/T_CobbleStone_Pebble_M.uasset"
[2018.02.22-07.54.04:815][  0]LogPackFactory: Copied "../../../Samples/StarterContent/Content/StarterContent/Textures/T_CobbleStone_Pebble_N.uasset" to "../../../../Unreal_Game/Stealth_Game/StealthGame/Content/StarterContent/Textures/T_CobbleStone_Pebble_N.uasset"
[2018.02.22-07.54.04:818][  0]LogPackFactory: Copied "../../../Samples/StarterContent/Content/StarterContent/Textures/T_CobbleStone_Rough_D.uasset" to "../../../../Unreal_Game/Stealth_Game/StealthGame/Content/StarterContent/Textures/T_CobbleStone_Rough_D.uasset"
[2018.02.22-07.54.04:820][  0]LogPackFactory: Copied "../../../Samples/StarterContent/Content/StarterContent/Textures/T_CobbleStone_Rough_N.uasset" to "../../../../Unreal_Game/Stealth_Game/StealthGame/Content/StarterContent/Textures/T_CobbleStone_Rough_N.uasset"
[2018.02.22-07.54.04:825][  0]LogPackFactory: Copied "../../../Samples/StarterContent/Content/StarterContent/Textures/T_CobbleStone_Smooth_D.uasset" to "../../../../Unreal_Game/Stealth_Game/StealthGame/Content/StarterContent/Textures/T_CobbleStone_Smooth_D.uasset"
[2018.02.22-07.54.04:829][  0]LogPackFactory: Copied "../../../Samples/StarterContent/Content/StarterContent/Textures/T_CobbleStone_Smooth_M.uasset" to "../../../../Unreal_Game/Stealth_Game/StealthGame/Content/StarterContent/Textures/T_CobbleStone_Smooth_M.uasset"
[2018.02.22-07.54.04:835][  0]LogPackFactory: Copied "../../../Samples/StarterContent/Content/StarterContent/Textures/T_CobbleStone_Smooth_N.uasset" to "../../../../Unreal_Game/Stealth_Game/StealthGame/Content/StarterContent/Textures/T_CobbleStone_Smooth_N.uasset"
[2018.02.22-07.54.04:842][  0]LogPackFactory: Copied "../../../Samples/StarterContent/Content/StarterContent/Textures/T_Concrete_Grime_D.uasset" to "../../../../Unreal_Game/Stealth_Game/StealthGame/Content/StarterContent/Textures/T_Concrete_Grime_D.uasset"
[2018.02.22-07.54.04:848][  0]LogPackFactory: Copied "../../../Samples/StarterContent/Content/StarterContent/Textures/T_Concrete_Panels_D.uasset" to "../../../../Unreal_Game/Stealth_Game/StealthGame/Content/StarterContent/Textures/T_Concrete_Panels_D.uasset"
[2018.02.22-07.54.04:869][  0]LogPackFactory: Copied "../../../Samples/StarterContent/Content/StarterContent/Textures/T_Concrete_Panels_N.uasset" to "../../../../Unreal_Game/Stealth_Game/StealthGame/Content/StarterContent/Textures/T_Concrete_Panels_N.uasset"
[2018.02.22-07.54.04:877][  0]LogPackFactory: Copied "../../../Samples/StarterContent/Content/StarterContent/Textures/T_Concrete_Poured_D.uasset" to "../../../../Unreal_Game/Stealth_Game/StealthGame/Content/StarterContent/Textures/T_Concrete_Poured_D.uasset"
[2018.02.22-07.54.04:883][  0]LogPackFactory: Copied "../../../Samples/StarterContent/Content/StarterContent/Textures/T_Concrete_Poured_N.uasset" to "../../../../Unreal_Game/Stealth_Game/StealthGame/Content/StarterContent/Textures/T_Concrete_Poured_N.uasset"
[2018.02.22-07.54.04:887][  0]LogPackFactory: Copied "../../../Samples/StarterContent/Content/StarterContent/Textures/T_Concrete_Tiles_D.uasset" to "../../../../Unreal_Game/Stealth_Game/StealthGame/Content/StarterContent/Textures/T_Concrete_Tiles_D.uasset"
[2018.02.22-07.54.04:891][  0]LogPackFactory: Copied "../../../Samples/StarterContent/Content/StarterContent/Textures/T_Concrete_Tiles_M.uasset" to "../../../../Unreal_Game/Stealth_Game/StealthGame/Content/StarterContent/Textures/T_Concrete_Tiles_M.uasset"
[2018.02.22-07.54.04:898][  0]LogPackFactory: Copied "../../../Samples/StarterContent/Content/StarterContent/Textures/T_Concrete_Tiles_N.uasset" to "../../../../Unreal_Game/Stealth_Game/StealthGame/Content/StarterContent/Textures/T_Concrete_Tiles_N.uasset"
[2018.02.22-07.54.04:899][  0]LogPackFactory: Copied "../../../Samples/StarterContent/Content/StarterContent/Textures/T_Concrete_Tiles_Variation_M.uasset" to "../../../../Unreal_Game/Stealth_Game/StealthGame/Content/StarterContent/Textures/T_Concrete_Tiles_Variation_M.uasset"
[2018.02.22-07.54.04:902][  0]LogPackFactory: Copied "../../../Samples/StarterContent/Content/StarterContent/Textures/T_Detail_Rocky_N.uasset" to "../../../../Unreal_Game/Stealth_Game/StealthGame/Content/StarterContent/Textures/T_Detail_Rocky_N.uasset"
[2018.02.22-07.54.04:903][  0]LogPackFactory: Copied "../../../Samples/StarterContent/Content/StarterContent/Textures/T_Door_M.uasset" to "../../../../Unreal_Game/Stealth_Game/StealthGame/Content/StarterContent/Textures/T_Door_M.uasset"
[2018.02.22-07.54.04:905][  0]LogPackFactory: Copied "../../../Samples/StarterContent/Content/StarterContent/Textures/T_Door_N.uasset" to "../../../../Unreal_Game/Stealth_Game/StealthGame/Content/StarterContent/Textures/T_Door_N.uasset"
[2018.02.22-07.54.04:906][  0]LogPackFactory: Copied "../../../Samples/StarterContent/Content/StarterContent/Textures/T_Dust_Particle_D.uasset" to "../../../../Unreal_Game/Stealth_Game/StealthGame/Content/StarterContent/Textures/T_Dust_Particle_D.uasset"
[2018.02.22-07.54.04:909][  0]LogPackFactory: Copied "../../../Samples/StarterContent/Content/StarterContent/Textures/T_Explosion_SubUV.uasset" to "../../../../Unreal_Game/Stealth_Game/StealthGame/Content/StarterContent/Textures/T_Explosion_SubUV.uasset"
[2018.02.22-07.54.04:911][  0]LogPackFactory: Copied "../../../Samples/StarterContent/Content/StarterContent/Textures/T_Fire_SubUV.uasset" to "../../../../Unreal_Game/Stealth_Game/StealthGame/Content/StarterContent/Textures/T_Fire_SubUV.uasset"
[2018.02.22-07.54.04:912][  0]LogPackFactory: Copied "../../../Samples/StarterContent/Content/StarterContent/Textures/T_Fire_Tiled_D.uasset" to "../../../../Unreal_Game/Stealth_Game/StealthGame/Content/StarterContent/Textures/T_Fire_Tiled_D.uasset"
[2018.02.22-07.54.04:914][  0]LogPackFactory: Copied "../../../Samples/StarterContent/Content/StarterContent/Textures/T_Frame_M.uasset" to "../../../../Unreal_Game/Stealth_Game/StealthGame/Content/StarterContent/Textures/T_Frame_M.uasset"
[2018.02.22-07.54.04:917][  0]LogPackFactory: Copied "../../../Samples/StarterContent/Content/StarterContent/Textures/T_Frame_N.uasset" to "../../../../Unreal_Game/Stealth_Game/StealthGame/Content/StarterContent/Textures/T_Frame_N.uasset"
[2018.02.22-07.54.04:918][  0]LogPackFactory: Copied "../../../Samples/StarterContent/Content/StarterContent/Textures/T_Gradinet_01.uasset" to "../../../../Unreal_Game/Stealth_Game/StealthGame/Content/StarterContent/Textures/T_Gradinet_01.uasset"
[2018.02.22-07.54.04:926][  0]LogPackFactory: Copied "../../../Samples/StarterContent/Content/StarterContent/Textures/T_Ground_Grass_D.uasset" to "../../../../Unreal_Game/Stealth_Game/StealthGame/Content/StarterContent/Textures/T_Ground_Grass_D.uasset"
[2018.02.22-07.54.04:933][  0]LogPackFactory: Copied "../../../Samples/StarterContent/Content/StarterContent/Textures/T_Ground_Grass_N.uasset" to "../../../../Unreal_Game/Stealth_Game/StealthGame/Content/StarterContent/Textures/T_Ground_Grass_N.uasset"
[2018.02.22-07.54.04:941][  0]LogPackFactory: Copied "../../../Samples/StarterContent/Content/StarterContent/Textures/T_Ground_Gravel_D.uasset" to "../../../../Unreal_Game/Stealth_Game/StealthGame/Content/StarterContent/Textures/T_Ground_Gravel_D.uasset"
[2018.02.22-07.54.04:946][  0]LogPackFactory: Copied "../../../Samples/StarterContent/Content/StarterContent/Textures/T_Ground_Gravel_N.uasset" to "../../../../Unreal_Game/Stealth_Game/StealthGame/Content/StarterContent/Textures/T_Ground_Gravel_N.uasset"
[2018.02.22-07.54.04:954][  0]LogPackFactory: Copied "../../../Samples/StarterContent/Content/StarterContent/Textures/T_ground_Moss_D.uasset" to "../../../../Unreal_Game/Stealth_Game/StealthGame/Content/StarterContent/Textures/T_ground_Moss_D.uasset"
[2018.02.22-07.54.04:960][  0]LogPackFactory: Copied "../../../Samples/StarterContent/Content/StarterContent/Textures/T_Ground_Moss_N.uasset" to "../../../../Unreal_Game/Stealth_Game/StealthGame/Content/StarterContent/Textures/T_Ground_Moss_N.uasset"
[2018.02.22-07.54.04:961][  0]LogPackFactory: Copied "../../../Samples/StarterContent/Content/StarterContent/Textures/T_Lamp_M.uasset" to "../../../../Unreal_Game/Stealth_Game/StealthGame/Content/StarterContent/Textures/T_Lamp_M.uasset"
[2018.02.22-07.54.04:981][  0]LogPackFactory: Copied "../../../Samples/StarterContent/Content/StarterContent/Textures/T_Lamp_N.uasset" to "../../../../Unreal_Game/Stealth_Game/StealthGame/Content/StarterContent/Textures/T_Lamp_N.uasset"
[2018.02.22-07.54.04:988][  0]LogPackFactory: Copied "../../../Samples/StarterContent/Content/StarterContent/Textures/T_MacroVariation.uasset" to "../../../../Unreal_Game/Stealth_Game/StealthGame/Content/StarterContent/Textures/T_MacroVariation.uasset"
[2018.02.22-07.54.04:995][  0]LogPackFactory: Copied "../../../Samples/StarterContent/Content/StarterContent/Textures/T_Metal_Aluminum_D.uasset" to "../../../../Unreal_Game/Stealth_Game/StealthGame/Content/StarterContent/Textures/T_Metal_Aluminum_D.uasset"
[2018.02.22-07.54.05:001][  0]LogPackFactory: Copied "../../../Samples/StarterContent/Content/StarterContent/Textures/T_Metal_Copper_D.uasset" to "../../../../Unreal_Game/Stealth_Game/StealthGame/Content/StarterContent/Textures/T_Metal_Copper_D.uasset"
[2018.02.22-07.54.05:007][  0]LogPackFactory: Copied "../../../Samples/StarterContent/Content/StarterContent/Textures/T_Metal_Gold_D.uasset" to "../../../../Unreal_Game/Stealth_Game/StealthGame/Content/StarterContent/Textures/T_Metal_Gold_D.uasset"
[2018.02.22-07.54.05:010][  0]LogPackFactory: Copied "../../../Samples/StarterContent/Content/StarterContent/Textures/T_Metal_Gold_N.uasset" to "../../../../Unreal_Game/Stealth_Game/StealthGame/Content/StarterContent/Textures/T_Metal_Gold_N.uasset"
[2018.02.22-07.54.05:016][  0]LogPackFactory: Copied "../../../Samples/StarterContent/Content/StarterContent/Textures/T_Metal_Rust_D.uasset" to "../../../../Unreal_Game/Stealth_Game/StealthGame/Content/StarterContent/Textures/T_Metal_Rust_D.uasset"
[2018.02.22-07.54.05:021][  0]LogPackFactory: Copied "../../../Samples/StarterContent/Content/StarterContent/Textures/T_Metal_Rust_N.uasset" to "../../../../Unreal_Game/Stealth_Game/StealthGame/Content/StarterContent/Textures/T_Metal_Rust_N.uasset"
[2018.02.22-07.54.05:024][  0]LogPackFactory: Copied "../../../Samples/StarterContent/Content/StarterContent/Textures/T_Metal_Steel_D.uasset" to "../../../../Unreal_Game/Stealth_Game/StealthGame/Content/StarterContent/Textures/T_Metal_Steel_D.uasset"
[2018.02.22-07.54.05:027][  0]LogPackFactory: Copied "../../../Samples/StarterContent/Content/StarterContent/Textures/T_Metal_Steel_N.uasset" to "../../../../Unreal_Game/Stealth_Game/StealthGame/Content/StarterContent/Textures/T_Metal_Steel_N.uasset"
[2018.02.22-07.54.05:033][  0]LogPackFactory: Copied "../../../Samples/StarterContent/Content/StarterContent/Textures/T_Perlin_Noise_M.uasset" to "../../../../Unreal_Game/Stealth_Game/StealthGame/Content/StarterContent/Textures/T_Perlin_Noise_M.uasset"
[2018.02.22-07.54.05:036][  0]LogPackFactory: Copied "../../../Samples/StarterContent/Content/StarterContent/Textures/T_RockMesh_M.uasset" to "../../../../Unreal_Game/Stealth_Game/StealthGame/Content/StarterContent/Textures/T_RockMesh_M.uasset"
[2018.02.22-07.54.05:040][  0]LogPackFactory: Copied "../../../Samples/StarterContent/Content/StarterContent/Textures/T_RockMesh_N.uasset" to "../../../../Unreal_Game/Stealth_Game/StealthGame/Content/StarterContent/Textures/T_RockMesh_N.uasset"
[2018.02.22-07.54.05:046][  0]LogPackFactory: Copied "../../../Samples/StarterContent/Content/StarterContent/Textures/T_Rock_Basalt_D.uasset" to "../../../../Unreal_Game/Stealth_Game/StealthGame/Content/StarterContent/Textures/T_Rock_Basalt_D.uasset"
[2018.02.22-07.54.05:063][  0]LogPackFactory: Copied "../../../Samples/StarterContent/Content/StarterContent/Textures/T_Rock_Basalt_N.uasset" to "../../../../Unreal_Game/Stealth_Game/StealthGame/Content/StarterContent/Textures/T_Rock_Basalt_N.uasset"
[2018.02.22-07.54.05:067][  0]LogPackFactory: Copied "../../../Samples/StarterContent/Content/StarterContent/Textures/T_Rock_Marble_Polished_D.uasset" to "../../../../Unreal_Game/Stealth_Game/StealthGame/Content/StarterContent/Textures/T_Rock_Marble_Polished_D.uasset"
[2018.02.22-07.54.05:073][  0]LogPackFactory: Copied "../../../Samples/StarterContent/Content/StarterContent/Textures/T_Rock_Sandstone_D.uasset" to "../../../../Unreal_Game/Stealth_Game/StealthGame/Content/StarterContent/Textures/T_Rock_Sandstone_D.uasset"
[2018.02.22-07.54.05:078][  0]LogPackFactory: Copied "../../../Samples/StarterContent/Content/StarterContent/Textures/T_Rock_Sandstone_N.uasset" to "../../../../Unreal_Game/Stealth_Game/StealthGame/Content/StarterContent/Textures/T_Rock_Sandstone_N.uasset"
[2018.02.22-07.54.05:086][  0]LogPackFactory: Copied "../../../Samples/StarterContent/Content/StarterContent/Textures/T_Rock_Slate_D.uasset" to "../../../../Unreal_Game/Stealth_Game/StealthGame/Content/StarterContent/Textures/T_Rock_Slate_D.uasset"
[2018.02.22-07.54.05:096][  0]LogPackFactory: Copied "../../../Samples/StarterContent/Content/StarterContent/Textures/T_Rock_Slate_N.uasset" to "../../../../Unreal_Game/Stealth_Game/StealthGame/Content/StarterContent/Textures/T_Rock_Slate_N.uasset"
[2018.02.22-07.54.05:102][  0]LogPackFactory: Copied "../../../Samples/StarterContent/Content/StarterContent/Textures/T_Rock_Smooth_Granite_D.uasset" to "../../../../Unreal_Game/Stealth_Game/StealthGame/Content/StarterContent/Textures/T_Rock_Smooth_Granite_D.uasset"
[2018.02.22-07.54.05:103][  0]LogPackFactory: Copied "../../../Samples/StarterContent/Content/StarterContent/Textures/T_Shelf_M.uasset" to "../../../../Unreal_Game/Stealth_Game/StealthGame/Content/StarterContent/Textures/T_Shelf_M.uasset"
[2018.02.22-07.54.05:106][  0]LogPackFactory: Copied "../../../Samples/StarterContent/Content/StarterContent/Textures/T_Shelf_N.uasset" to "../../../../Unreal_Game/Stealth_Game/StealthGame/Content/StarterContent/Textures/T_Shelf_N.uasset"
[2018.02.22-07.54.05:107][  0]LogPackFactory: Copied "../../../Samples/StarterContent/Content/StarterContent/Textures/T_Single_Tile_N.uasset" to "../../../../Unreal_Game/Stealth_Game/StealthGame/Content/StarterContent/Textures/T_Single_Tile_N.uasset"
[2018.02.22-07.54.05:109][  0]LogPackFactory: Copied "../../../Samples/StarterContent/Content/StarterContent/Textures/T_Smoke_SubUV.uasset" to "../../../../Unreal_Game/Stealth_Game/StealthGame/Content/StarterContent/Textures/T_Smoke_SubUV.uasset"
[2018.02.22-07.54.05:110][  0]LogPackFactory: Copied "../../../Samples/StarterContent/Content/StarterContent/Textures/T_Smoke_Tiled_D.uasset" to "../../../../Unreal_Game/Stealth_Game/StealthGame/Content/StarterContent/Textures/T_Smoke_Tiled_D.uasset"
[2018.02.22-07.54.05:111][  0]LogPackFactory: Copied "../../../Samples/StarterContent/Content/StarterContent/Textures/T_Spark_Core.uasset" to "../../../../Unreal_Game/Stealth_Game/StealthGame/Content/StarterContent/Textures/T_Spark_Core.uasset"
[2018.02.22-07.54.05:112][  0]LogPackFactory: Copied "../../../Samples/StarterContent/Content/StarterContent/Textures/T_Statue_M.uasset" to "../../../../Unreal_Game/Stealth_Game/StealthGame/Content/StarterContent/Textures/T_Statue_M.uasset"
[2018.02.22-07.54.05:114][  0]LogPackFactory: Copied "../../../Samples/StarterContent/Content/StarterContent/Textures/T_Statue_N.uasset" to "../../../../Unreal_Game/Stealth_Game/StealthGame/Content/StarterContent/Textures/T_Statue_N.uasset"
[2018.02.22-07.54.05:115][  0]LogPackFactory: Copied "../../../Samples/StarterContent/Content/StarterContent/Textures/T_TableRound_M.uasset" to "../../../../Unreal_Game/Stealth_Game/StealthGame/Content/StarterContent/Textures/T_TableRound_M.uasset"
[2018.02.22-07.54.05:117][  0]LogPackFactory: Copied "../../../Samples/StarterContent/Content/StarterContent/Textures/T_TableRound_N.uasset" to "../../../../Unreal_Game/Stealth_Game/StealthGame/Content/StarterContent/Textures/T_TableRound_N.uasset"
[2018.02.22-07.54.05:118][  0]LogPackFactory: Copied "../../../Samples/StarterContent/Content/StarterContent/Textures/T_Tech_Dot_M.uasset" to "../../../../Unreal_Game/Stealth_Game/StealthGame/Content/StarterContent/Textures/T_Tech_Dot_M.uasset"
[2018.02.22-07.54.05:119][  0]LogPackFactory: Copied "../../../Samples/StarterContent/Content/StarterContent/Textures/T_Tech_Dot_N.uasset" to "../../../../Unreal_Game/Stealth_Game/StealthGame/Content/StarterContent/Textures/T_Tech_Dot_N.uasset"
[2018.02.22-07.54.05:121][  0]LogPackFactory: Copied "../../../Samples/StarterContent/Content/StarterContent/Textures/T_Tech_Hex_Tile_M.uasset" to "../../../../Unreal_Game/Stealth_Game/StealthGame/Content/StarterContent/Textures/T_Tech_Hex_Tile_M.uasset"
[2018.02.22-07.54.05:122][  0]LogPackFactory: Copied "../../../Samples/StarterContent/Content/StarterContent/Textures/T_Tech_Hex_Tile_N.uasset" to "../../../../Unreal_Game/Stealth_Game/StealthGame/Content/StarterContent/Textures/T_Tech_Hex_Tile_N.uasset"
[2018.02.22-07.54.05:124][  0]LogPackFactory: Copied "../../../Samples/StarterContent/Content/StarterContent/Textures/T_Tech_Panel_M.uasset" to "../../../../Unreal_Game/Stealth_Game/StealthGame/Content/StarterContent/Textures/T_Tech_Panel_M.uasset"
[2018.02.22-07.54.05:126][  0]LogPackFactory: Copied "../../../Samples/StarterContent/Content/StarterContent/Textures/T_Tech_Panel_N.uasset" to "../../../../Unreal_Game/Stealth_Game/StealthGame/Content/StarterContent/Textures/T_Tech_Panel_N.uasset"
[2018.02.22-07.54.05:129][  0]LogPackFactory: Copied "../../../Samples/StarterContent/Content/StarterContent/Textures/T_Water_M.uasset" to "../../../../Unreal_Game/Stealth_Game/StealthGame/Content/StarterContent/Textures/T_Water_M.uasset"
[2018.02.22-07.54.05:131][  0]LogPackFactory: Copied "../../../Samples/StarterContent/Content/StarterContent/Textures/T_Water_N.uasset" to "../../../../Unreal_Game/Stealth_Game/StealthGame/Content/StarterContent/Textures/T_Water_N.uasset"
[2018.02.22-07.54.05:134][  0]LogPackFactory: Copied "../../../Samples/StarterContent/Content/StarterContent/Textures/T_Wood_Floor_Walnut_D.uasset" to "../../../../Unreal_Game/Stealth_Game/StealthGame/Content/StarterContent/Textures/T_Wood_Floor_Walnut_D.uasset"
[2018.02.22-07.54.05:138][  0]LogPackFactory: Copied "../../../Samples/StarterContent/Content/StarterContent/Textures/T_Wood_Floor_Walnut_M.uasset" to "../../../../Unreal_Game/Stealth_Game/StealthGame/Content/StarterContent/Textures/T_Wood_Floor_Walnut_M.uasset"
[2018.02.22-07.54.05:140][  0]LogPackFactory: Copied "../../../Samples/StarterContent/Content/StarterContent/Textures/T_Wood_Floor_Walnut_N.uasset" to "../../../../Unreal_Game/Stealth_Game/StealthGame/Content/StarterContent/Textures/T_Wood_Floor_Walnut_N.uasset"
[2018.02.22-07.54.05:145][  0]LogPackFactory: Copied "../../../Samples/StarterContent/Content/StarterContent/Textures/T_Wood_Oak_D.uasset" to "../../../../Unreal_Game/Stealth_Game/StealthGame/Content/StarterContent/Textures/T_Wood_Oak_D.uasset"
[2018.02.22-07.54.05:149][  0]LogPackFactory: Copied "../../../Samples/StarterContent/Content/StarterContent/Textures/T_Wood_Oak_N.uasset" to "../../../../Unreal_Game/Stealth_Game/StealthGame/Content/StarterContent/Textures/T_Wood_Oak_N.uasset"
[2018.02.22-07.54.05:156][  0]LogPackFactory: Copied "../../../Samples/StarterContent/Content/StarterContent/Textures/T_Wood_Pine_D.uasset" to "../../../../Unreal_Game/Stealth_Game/StealthGame/Content/StarterContent/Textures/T_Wood_Pine_D.uasset"
[2018.02.22-07.54.05:159][  0]LogPackFactory: Copied "../../../Samples/StarterContent/Content/StarterContent/Textures/T_Wood_Pine_N.uasset" to "../../../../Unreal_Game/Stealth_Game/StealthGame/Content/StarterContent/Textures/T_Wood_Pine_N.uasset"
[2018.02.22-07.54.05:164][  0]LogPackFactory: Copied "../../../Samples/StarterContent/Content/StarterContent/Textures/T_Wood_Walnut_D.uasset" to "../../../../Unreal_Game/Stealth_Game/StealthGame/Content/StarterContent/Textures/T_Wood_Walnut_D.uasset"
[2018.02.22-07.54.05:167][  0]LogPackFactory: Copied "../../../Samples/StarterContent/Content/StarterContent/Textures/T_Wood_Walnut_N.uasset" to "../../../../Unreal_Game/Stealth_Game/StealthGame/Content/StarterContent/Textures/T_Wood_Walnut_N.uasset"
[2018.02.22-07.54.05:259][  0]LogRenderer: Reallocating scene render targets to support 256x256 Format 10 NumSamples 1 (Frame:1).
[2018.02.22-07.54.05:330][  0]Cmd: OBJ SAVEPACKAGE PACKAGE="/Game/StarterContent/Architecture/Floor_400x400" FILE="../../../../Unreal_Game/Stealth_Game/StealthGame/Content/StarterContent/Architecture/Floor_400x400.uasset" SILENT=true
[2018.02.22-07.54.05:344][  0]LogSavePackage: Save=10.98ms
[2018.02.22-07.54.05:344][  0]LogSavePackage: Moving '../../../../Unreal_Game/Stealth_Game/StealthGame/Saved/Floor_400x400C69397A1437D5DF6AB04A8A05F117EB9.tmp' to '../../../../Unreal_Game/Stealth_Game/StealthGame/Content/StarterContent/Architecture/Floor_400x400.uasset'
[2018.02.22-07.54.05:347][  0]LogSavePackage: Display: Finished SavePackage ../../../../Unreal_Game/Stealth_Game/StealthGame/Content/StarterContent/Architecture/Floor_400x400.uasset
[2018.02.22-07.54.05:348][  0]LogFeaturePack: Warning: Inserted 1 feature packs
[2018.02.22-07.54.05:349][  0]Cmd: MAP LOAD FILE="../../../../Unreal_Game/Stealth_Game/StealthGame/Content/FirstPersonCPP/Maps/FirstPersonExampleMap.umap" TEMPLATE=0 SHOWPROGRESS=1 FEATURELEVEL=3
[2018.02.22-07.54.05:349][  0]LightingResults: New page: Lighting Build
[2018.02.22-07.54.05:387][  0]MapCheck: New page: Map Check
[2018.02.22-07.54.05:387][  0]LightingResults: New page: Lighting Build
[2018.02.22-07.54.05:789][  0]LogAIModule: Creating AISystem for world FirstPersonExampleMap
[2018.02.22-07.54.05:804][  0]LogEditorServer: Finished looking for orphan Actors (0.000 secs)
[2018.02.22-07.54.05:823][  0]Cmd: MAP CHECKDEP NOCLEARLOG
[2018.02.22-07.54.05:878][  0]MapCheck: Map check complete: 0 Error(s), 0 Warning(s), took 54.457ms to complete.
[2018.02.22-07.54.05:878][  0]LogFileHelpers: Loading map 'FirstPersonExampleMap' took 0.530
[2018.02.22-07.54.06:033][  0]LogCollectionManager: Loaded 0 collections in 0.001154 seconds
[2018.02.22-07.54.06:100][  0]LogFileCache: Scanning file cache for directory 'E:/Unreal_Game/Stealth_Game/StealthGame/Saved/Collections/' took 0.01s
[2018.02.22-07.54.06:100][  0]LogFileCache: Scanning file cache for directory 'E:/Unreal_Game/Stealth_Game/StealthGame/Content/Developers/BraidedMantis7/Collections/' took 0.01s
[2018.02.22-07.54.06:100][  0]LogFileCache: Scanning file cache for directory 'E:/Unreal_Game/Stealth_Game/StealthGame/Content/Collections/' took 0.01s
[2018.02.22-07.54.06:100][  0]LogCollectionManager: Rebuilt the GUID cache for 0 collections in 0.000001 seconds
[2018.02.22-07.54.06:110][  0]LogContentBrowser: Native class hierarchy populated in 0.0097 seconds. Added 2390 classes and 502 folders.
[2018.02.22-07.54.06:168][  0]LogContentBrowser: Native class hierarchy updated for 'WidgetCarousel' in 0.0019 seconds. Added 0 classes and 0 folders.
[2018.02.22-07.54.06:219][  0]LogContentBrowser: Native class hierarchy updated for 'AddContentDialog' in 0.0017 seconds. Added 0 classes and 0 folders.
[2018.02.22-07.54.06:261][  0]LogContentBrowser: Native class hierarchy updated for 'SceneOutliner' in 0.0018 seconds. Added 1 classes and 2 folders.
[2018.02.22-07.54.07:213][  0]LogSlate: Took 0.000315 seconds to synchronously load lazily loaded font '../../../Engine/Content/Slate/Fonts/Roboto-Regular.ttf' (155K)
[2018.02.22-07.54.07:216][  0]LogSlate: Took 0.000207 seconds to synchronously load lazily loaded font '../../../Engine/Content/Slate/Fonts/Roboto-Bold.ttf' (160K)
[2018.02.22-07.54.07:224][  0]LogSlate: Took 0.000171 seconds to synchronously load lazily loaded font '../../../Engine/Content/Editor/Slate/Fonts/FontAwesome.ttf' (139K)
[2018.02.22-07.54.07:270][  0]LogRenderer: Reallocating scene render targets to support 1208x580 Format 10 NumSamples 1 (Frame:1).
[2018.02.22-07.54.07:311][  0]LogSlate: Took 0.000168 seconds to synchronously load lazily loaded font '../../../Engine/Content/Slate/Fonts/Roboto-Light.ttf' (159K)
[2018.02.22-07.54.07:418][  0]LogContentBrowser: Native class hierarchy updated for 'HierarchicalLODOutliner' in 0.0019 seconds. Added 1 classes and 2 folders.
[2018.02.22-07.54.07:419][  0]LogLoad: (Engine Initialization) Total time: 16.49 seconds
[2018.02.22-07.54.07:419][  0]LogLoad: (Engine Initialization) Total Blueprint compile time: 0.00 seconds
[2018.02.22-07.54.07:419][  0]LogExternalProfiler: Found external profiler: VSPerf
[2018.02.22-07.54.07:419][  0]LogExternalProfiler: Using external profiler: VSPerf
[2018.02.22-07.54.07:437][  0]LogWindowsTextInputMethodSystem: Display: IME system now deactivated.
[2018.02.22-07.54.07:439][  0]LogOcInput: OculusInput is initialized
[2018.02.22-07.54.07:461][  0]LogAssetRegistry: Asset discovery search completed in 11.3922 seconds
[2018.02.22-07.54.07:462][  0]LogCollectionManager: Rebuilt the object cache for 0 collections in 0.000000 seconds (found 0 objects)
[2018.02.22-07.54.07:462][  0]LogCollectionManager: Fixed up redirectors for 0 collections in 0.000068 seconds (updated 0 objects)
[2018.02.22-07.54.08:467][  0]LogTemp: Executing iPhonePackager certificates Engine -bundlename com.YourCompany.StealthGame
[2018.02.22-07.54.08:467][  0]LogTemp: CWD: E:\UE_4.17\Engine\Binaries\DotNET\IOS
[2018.02.22-07.54.08:467][  0]LogTemp: Initial Dir: E:\UE_4.17
[2018.02.22-07.54.08:467][  0]LogTemp: Env CWD: E:\UE_4.17\Engine\Binaries\DotNET\IOS
[2018.02.22-07.54.08:467][  0]LogTemp: BranchPath = DESKTOP-534M98F/E/UE_4.17/Engine/Binaries --- GameBranchPath = DESKTOP-534M98F/E/UE_4.17/Engine/Binaries
[2018.02.22-07.54.08:467][  0]LogTemp: IPP ERROR: Could not find provision directory 'C:\Users\BraidedMantis7\AppData\Local/Apple Computer/MobileDevice/Provisioning Profiles/'.
[2018.02.22-07.54.08:467][  0]LogContentStreaming: Texture pool size now 1000 MB
